2014-09-09 16:51:53,186 [Worker-1] INFO  o.e.m.c.i.e.AbstractTransferListenerAdapter - Downloading http://repo.maven.apache.org/maven2/org/codehaus/plexus/plexus-compiler-api/1.9.1/plexus-compiler-api-1.9.1.pom
2014-09-09 16:51:53,264 [Worker-1] INFO  o.e.m.c.i.e.AbstractTransferListenerAdapter - Downloaded http://repo.maven.apache.org/maven2/org/codehaus/plexus/plexus-compiler-api/1.9.1/plexus-compiler-api-1.9.1.pom
2014-09-09 16:51:54,212 [Worker-1] INFO  o.e.m.c.i.e.AbstractTransferListenerAdapter - Downloading http://repo.maven.apache.org/maven2/org/codehaus/plexus/plexus-compiler/1.9.1/plexus-compiler-1.9.1.pom
2014-09-09 16:51:55,825 [Worker-1] INFO  o.e.m.c.i.e.AbstractTransferListenerAdapter - Downloaded http://repo.maven.apache.org/maven2/org/codehaus/plexus/plexus-compiler/1.9.1/plexus-compiler-1.9.1.pom
2014-09-09 16:51:55,855 [Worker-1] INFO  o.e.m.c.i.e.AbstractTransferListenerAdapter - Downloading http://repo.maven.apache.org/maven2/org/codehaus/plexus/plexus-components/1.1.20/plexus-components-1.1.20.pom
2014-09-09 16:51:56,161 [Worker-1] INFO  o.e.m.c.i.e.AbstractTransferListenerAdapter - Downloaded http://repo.maven.apache.org/maven2/org/codehaus/plexus/plexus-components/1.1.20/plexus-components-1.1.20.pom
2014-09-09 16:51:56,252 [Worker-1] INFO  o.e.m.c.i.e.AbstractTransferListenerAdapter - Downloading http://repo.maven.apache.org/maven2/org/codehaus/plexus/plexus-compiler-manager/1.9.1/plexus-compiler-manager-1.9.1.pom
2014-09-09 16:51:56,298 [Worker-1] INFO  o.e.m.c.i.e.AbstractTransferListenerAdapter - Downloaded http://repo.maven.apache.org/maven2/org/codehaus/plexus/plexus-compiler-manager/1.9.1/plexus-compiler-manager-1.9.1.pom
2014-09-09 16:51:56,330 [Worker-1] INFO  o.e.m.c.i.e.AbstractTransferListenerAdapter - Downloading http://repo.maven.apache.org/maven2/org/codehaus/plexus/plexus-compiler-javac/1.9.1/plexus-compiler-javac-1.9.1.pom
2014-09-09 16:51:56,660 [Worker-1] INFO  o.e.m.c.i.e.AbstractTransferListenerAdapter - Downloaded http://repo.maven.apache.org/maven2/org/codehaus/plexus/plexus-compiler-javac/1.9.1/plexus-compiler-javac-1.9.1.pom
2014-09-09 16:51:56,687 [Worker-1] INFO  o.e.m.c.i.e.AbstractTransferListenerAdapter - Downloading http://repo.maven.apache.org/maven2/org/codehaus/plexus/plexus-compilers/1.9.1/plexus-compilers-1.9.1.pom
2014-09-09 16:51:56,733 [Worker-1] INFO  o.e.m.c.i.e.AbstractTransferListenerAdapter - Downloaded http://repo.maven.apache.org/maven2/org/codehaus/plexus/plexus-compilers/1.9.1/plexus-compilers-1.9.1.pom
2014-09-09 16:51:56,779 [Worker-1] INFO  o.e.m.c.i.e.AbstractTransferListenerAdapter - Downloading http://repo.maven.apache.org/maven2/org/codehaus/plexus/plexus-compiler-api/1.9.1/plexus-compiler-api-1.9.1.jar
2014-09-09 16:51:56,889 [Worker-1] INFO  o.e.m.c.i.e.AbstractTransferListenerAdapter - Downloaded http://repo.maven.apache.org/maven2/org/codehaus/plexus/plexus-compiler-api/1.9.1/plexus-compiler-api-1.9.1.jar
2014-09-09 16:51:56,910 [Worker-1] INFO  o.e.m.c.i.e.AbstractTransferListenerAdapter - Downloading http://repo.maven.apache.org/maven2/org/codehaus/plexus/plexus-compiler-manager/1.9.1/plexus-compiler-manager-1.9.1.jar
2014-09-09 16:51:57,260 [Worker-1] INFO  o.e.m.c.i.e.AbstractTransferListenerAdapter - Downloaded http://repo.maven.apache.org/maven2/org/codehaus/plexus/plexus-compiler-manager/1.9.1/plexus-compiler-manager-1.9.1.jar
2014-09-09 16:51:57,280 [Worker-1] INFO  o.e.m.c.i.e.AbstractTransferListenerAdapter - Downloading http://repo.maven.apache.org/maven2/org/codehaus/plexus/plexus-compiler-javac/1.9.1/plexus-compiler-javac-1.9.1.jar
2014-09-09 16:51:57,344 [Worker-1] INFO  o.e.m.c.i.e.AbstractTransferListenerAdapter - Downloaded http://repo.maven.apache.org/maven2/org/codehaus/plexus/plexus-compiler-javac/1.9.1/plexus-compiler-javac-1.9.1.jar
2014-09-09 16:51:57,612 [Worker-1] INFO  o.e.m.c.i.l.LifecycleMappingFactory - Using org.eclipse.m2e.jdt.JarLifecycleMapping lifecycle mapping for MavenProject: fr.istic.master2:tpmaven:1.0-SNAPSHOT @ /Users/benjaminsoulas/Desktop/wk_MNJ/tpmaven/pom.xml.
2014-09-09 16:51:58,142 [Worker-1] INFO  o.e.m.c.i.e.AbstractTransferListenerAdapter - Downloading http://repo.maven.apache.org/maven2/org/apache/maven/shared/maven-filtering/1.1/maven-filtering-1.1.pom
2014-09-09 16:51:58,438 [Worker-1] INFO  o.e.m.c.i.e.AbstractTransferListenerAdapter - Downloaded http://repo.maven.apache.org/maven2/org/apache/maven/shared/maven-filtering/1.1/maven-filtering-1.1.pom
2014-09-09 16:51:58,586 [Worker-1] INFO  o.e.m.c.i.e.AbstractTransferListenerAdapter - Downloading http://repo.maven.apache.org/maven2/org/apache/maven/shared/maven-filtering/1.1/maven-filtering-1.1.jar
2014-09-09 16:51:58,753 [Worker-1] INFO  o.e.m.c.i.e.AbstractTransferListenerAdapter - Downloaded http://repo.maven.apache.org/maven2/org/apache/maven/shared/maven-filtering/1.1/maven-filtering-1.1.jar
2014-09-09 16:51:58,843 [Worker-2] INFO  o.e.m.c.i.l.LifecycleMappingFactory - Using org.eclipse.m2e.jdt.JarLifecycleMapping lifecycle mapping for MavenProject: fr.istic.master2:tpmaven:1.0-SNAPSHOT @ /Users/benjaminsoulas/Desktop/wk_MNJ/tpmaven/pom.xml.
2014-09-09 16:51:58,852 [Worker-1] INFO  o.e.m.j.i.AbstractJavaProjectConfigurator - Adding source folder /tpmaven/src/main/java
2014-09-09 16:51:58,855 [Worker-1] INFO  o.e.m.j.i.AbstractJavaProjectConfigurator - Adding source folder /tpmaven/src/test/java
2014-09-09 16:52:01,920 [Worker-1] INFO  o.e.m.c.i.p.ProjectConfigurationManager - Imported and configured 1 project(s) in 11 sec
2014-09-09 16:52:02,735 [Worker-5] INFO  o.e.m.c.i.l.LifecycleMappingFactory - Using org.eclipse.m2e.jdt.JarLifecycleMapping lifecycle mapping for MavenProject: fr.istic.master2:tpmaven:1.0-SNAPSHOT @ /Users/benjaminsoulas/Desktop/wk_MNJ/tpmaven/pom.xml.
2014-09-09 16:52:02,839 [Worker-5] INFO  o.e.m.c.i.embedder.EclipseLogger - Using 'UTF-8' encoding to copy filtered resources.
2014-09-09 16:52:02,839 [Worker-5] INFO  o.e.m.c.i.embedder.EclipseLogger - skip non existing resourceDirectory /Users/benjaminsoulas/Desktop/wk_MNJ/tpmaven/src/main/resources
2014-09-09 16:52:02,842 [Worker-5] INFO  o.e.m.c.i.embedder.EclipseLogger - Using 'UTF-8' encoding to copy filtered resources.
2014-09-09 16:52:02,842 [Worker-5] INFO  o.e.m.c.i.embedder.EclipseLogger - skip non existing resourceDirectory /Users/benjaminsoulas/Desktop/wk_MNJ/tpmaven/src/test/resources
2014-09-09 16:56:54,291 [Worker-8] INFO  o.e.m.c.i.l.LifecycleMappingFactory - Using org.eclipse.m2e.jdt.JarLifecycleMapping lifecycle mapping for MavenProject: fr.istic.master2:tpmaven:1.0-SNAPSHOT @ /Users/benjaminsoulas/Desktop/wk_MNJ/tpmaven/pom.xml.
2014-09-09 16:56:54,379 [Worker-8] INFO  o.e.m.c.i.e.AbstractTransferListenerAdapter - Downloading http://repo.maven.apache.org/maven2/org/apache/maven/plugins/maven-javadoc-plugin/2.9.1/maven-javadoc-plugin-2.9.1.pom
2014-09-09 16:56:54,811 [Worker-8] INFO  o.e.m.c.i.e.AbstractTransferListenerAdapter - Downloaded http://repo.maven.apache.org/maven2/org/apache/maven/plugins/maven-javadoc-plugin/2.9.1/maven-javadoc-plugin-2.9.1.pom
2014-09-09 16:56:55,063 [Worker-8] INFO  o.e.m.c.i.e.AbstractTransferListenerAdapter - Downloading http://repo.maven.apache.org/maven2/org/apache/maven/wagon/wagon-file/1.0-beta-6/wagon-file-1.0-beta-6.pom
2014-09-09 16:56:55,439 [Worker-8] INFO  o.e.m.c.i.e.AbstractTransferListenerAdapter - Downloaded http://repo.maven.apache.org/maven2/org/apache/maven/wagon/wagon-file/1.0-beta-6/wagon-file-1.0-beta-6.pom
2014-09-09 16:56:55,822 [Worker-8] INFO  o.e.m.c.i.e.AbstractTransferListenerAdapter - Downloading http://repo.maven.apache.org/maven2/org/apache/maven/wagon/wagon-providers/1.0-beta-6/wagon-providers-1.0-beta-6.pom
2014-09-09 16:56:55,889 [Worker-8] INFO  o.e.m.c.i.e.AbstractTransferListenerAdapter - Downloaded http://repo.maven.apache.org/maven2/org/apache/maven/wagon/wagon-providers/1.0-beta-6/wagon-providers-1.0-beta-6.pom
2014-09-09 16:56:56,027 [Worker-8] INFO  o.e.m.c.i.e.AbstractTransferListenerAdapter - Downloading http://repo.maven.apache.org/maven2/org/apache/maven/wagon/wagon-http-lightweight/1.0-beta-6/wagon-http-lightweight-1.0-beta-6.pom
2014-09-09 16:56:56,074 [Worker-8] INFO  o.e.m.c.i.e.AbstractTransferListenerAdapter - Downloaded http://repo.maven.apache.org/maven2/org/apache/maven/wagon/wagon-http-lightweight/1.0-beta-6/wagon-http-lightweight-1.0-beta-6.pom
2014-09-09 16:56:56,727 [Worker-8] INFO  o.e.m.c.i.e.AbstractTransferListenerAdapter - Downloading http://repo.maven.apache.org/maven2/org/apache/maven/wagon/wagon-http-shared/1.0-beta-6/wagon-http-shared-1.0-beta-6.pom
2014-09-09 16:56:56,791 [Worker-8] INFO  o.e.m.c.i.e.AbstractTransferListenerAdapter - Downloaded http://repo.maven.apache.org/maven2/org/apache/maven/wagon/wagon-http-shared/1.0-beta-6/wagon-http-shared-1.0-beta-6.pom
2014-09-09 16:56:57,135 [Worker-8] INFO  o.e.m.c.i.e.AbstractTransferListenerAdapter - Downloading http://repo.maven.apache.org/maven2/nekohtml/xercesMinimal/1.9.6.2/xercesMinimal-1.9.6.2.pom
2014-09-09 16:56:57,181 [Worker-8] INFO  o.e.m.c.i.e.AbstractTransferListenerAdapter - Downloaded http://repo.maven.apache.org/maven2/nekohtml/xercesMinimal/1.9.6.2/xercesMinimal-1.9.6.2.pom
2014-09-09 16:56:57,209 [Worker-8] INFO  o.e.m.c.i.e.AbstractTransferListenerAdapter - Downloading http://repo.maven.apache.org/maven2/nekohtml/nekohtml/1.9.6.2/nekohtml-1.9.6.2.pom
2014-09-09 16:56:57,559 [Worker-8] INFO  o.e.m.c.i.e.AbstractTransferListenerAdapter - Downloaded http://repo.maven.apache.org/maven2/nekohtml/nekohtml/1.9.6.2/nekohtml-1.9.6.2.pom
2014-09-09 16:56:57,585 [Worker-8] INFO  o.e.m.c.i.e.AbstractTransferListenerAdapter - Downloading http://repo.maven.apache.org/maven2/org/apache/maven/wagon/wagon-http/1.0-beta-6/wagon-http-1.0-beta-6.pom
2014-09-09 16:56:57,633 [Worker-8] INFO  o.e.m.c.i.e.AbstractTransferListenerAdapter - Downloaded http://repo.maven.apache.org/maven2/org/apache/maven/wagon/wagon-http/1.0-beta-6/wagon-http-1.0-beta-6.pom
2014-09-09 16:56:57,730 [Worker-8] INFO  o.e.m.c.i.e.AbstractTransferListenerAdapter - Downloading http://repo.maven.apache.org/maven2/org/apache/maven/wagon/wagon-webdav-jackrabbit/1.0-beta-6/wagon-webdav-jackrabbit-1.0-beta-6.pom
2014-09-09 16:56:58,059 [Worker-8] INFO  o.e.m.c.i.e.AbstractTransferListenerAdapter - Downloaded http://repo.maven.apache.org/maven2/org/apache/maven/wagon/wagon-webdav-jackrabbit/1.0-beta-6/wagon-webdav-jackrabbit-1.0-beta-6.pom
2014-09-09 16:56:58,091 [Worker-8] INFO  o.e.m.c.i.e.AbstractTransferListenerAdapter - Downloading http://repo.maven.apache.org/maven2/org/apache/jackrabbit/jackrabbit-webdav/1.5.0/jackrabbit-webdav-1.5.0.pom
2014-09-09 16:56:58,136 [Worker-8] INFO  o.e.m.c.i.e.AbstractTransferListenerAdapter - Downloaded http://repo.maven.apache.org/maven2/org/apache/jackrabbit/jackrabbit-webdav/1.5.0/jackrabbit-webdav-1.5.0.pom
2014-09-09 16:56:58,438 [Worker-8] INFO  o.e.m.c.i.e.AbstractTransferListenerAdapter - Downloading http://repo.maven.apache.org/maven2/org/apache/jackrabbit/jackrabbit-parent/1.5.0/jackrabbit-parent-1.5.0.pom
2014-09-09 16:56:58,507 [Worker-8] INFO  o.e.m.c.i.e.AbstractTransferListenerAdapter - Downloaded http://repo.maven.apache.org/maven2/org/apache/jackrabbit/jackrabbit-parent/1.5.0/jackrabbit-parent-1.5.0.pom
2014-09-09 16:56:58,537 [Worker-8] INFO  o.e.m.c.i.e.AbstractTransferListenerAdapter - Downloading http://repo.maven.apache.org/maven2/org/apache/jackrabbit/jackrabbit-jcr-commons/1.5.0/jackrabbit-jcr-commons-1.5.0.pom
2014-09-09 16:56:58,580 [Worker-8] INFO  o.e.m.c.i.e.AbstractTransferListenerAdapter - Downloaded http://repo.maven.apache.org/maven2/org/apache/jackrabbit/jackrabbit-jcr-commons/1.5.0/jackrabbit-jcr-commons-1.5.0.pom
2014-09-09 16:56:58,611 [Worker-8] INFO  o.e.m.c.i.e.AbstractTransferListenerAdapter - Downloading http://repo.maven.apache.org/maven2/org/slf4j/slf4j-api/1.5.3/slf4j-api-1.5.3.pom
2014-09-09 16:56:58,655 [Worker-8] INFO  o.e.m.c.i.e.AbstractTransferListenerAdapter - Downloaded http://repo.maven.apache.org/maven2/org/slf4j/slf4j-api/1.5.3/slf4j-api-1.5.3.pom
2014-09-09 16:56:58,682 [Worker-8] INFO  o.e.m.c.i.e.AbstractTransferListenerAdapter - Downloading http://repo.maven.apache.org/maven2/org/slf4j/slf4j-parent/1.5.3/slf4j-parent-1.5.3.pom
2014-09-09 16:56:58,726 [Worker-8] INFO  o.e.m.c.i.e.AbstractTransferListenerAdapter - Downloaded http://repo.maven.apache.org/maven2/org/slf4j/slf4j-parent/1.5.3/slf4j-parent-1.5.3.pom
2014-09-09 16:56:58,753 [Worker-8] INFO  o.e.m.c.i.e.AbstractTransferListenerAdapter - Downloading http://repo.maven.apache.org/maven2/commons-httpclient/commons-httpclient/3.0/commons-httpclient-3.0.pom
2014-09-09 16:56:58,806 [Worker-8] INFO  o.e.m.c.i.e.AbstractTransferListenerAdapter - Downloaded http://repo.maven.apache.org/maven2/commons-httpclient/commons-httpclient/3.0/commons-httpclient-3.0.pom
2014-09-09 16:56:58,851 [Worker-8] INFO  o.e.m.c.i.e.AbstractTransferListenerAdapter - Downloading http://repo.maven.apache.org/maven2/org/slf4j/slf4j-nop/1.5.3/slf4j-nop-1.5.3.pom
2014-09-09 16:56:58,893 [Worker-8] INFO  o.e.m.c.i.e.AbstractTransferListenerAdapter - Downloaded http://repo.maven.apache.org/maven2/org/slf4j/slf4j-nop/1.5.3/slf4j-nop-1.5.3.pom
2014-09-09 16:56:59,106 [Worker-8] INFO  o.e.m.c.i.e.AbstractTransferListenerAdapter - Downloading http://repo.maven.apache.org/maven2/org/apache/maven/wagon/wagon-ssh-external/1.0-beta-6/wagon-ssh-external-1.0-beta-6.pom
2014-09-09 16:56:59,651 [Worker-8] INFO  o.e.m.c.i.e.AbstractTransferListenerAdapter - Downloaded http://repo.maven.apache.org/maven2/org/apache/maven/wagon/wagon-ssh-external/1.0-beta-6/wagon-ssh-external-1.0-beta-6.pom
2014-09-09 16:56:59,712 [Worker-8] INFO  o.e.m.c.i.e.AbstractTransferListenerAdapter - Downloading http://repo.maven.apache.org/maven2/org/apache/maven/wagon/wagon-ssh-common/1.0-beta-6/wagon-ssh-common-1.0-beta-6.pom
2014-09-09 16:56:59,756 [Worker-8] INFO  o.e.m.c.i.e.AbstractTransferListenerAdapter - Downloaded http://repo.maven.apache.org/maven2/org/apache/maven/wagon/wagon-ssh-common/1.0-beta-6/wagon-ssh-common-1.0-beta-6.pom
2014-09-09 16:56:59,883 [Worker-8] INFO  o.e.m.c.i.e.AbstractTransferListenerAdapter - Downloading http://repo.maven.apache.org/maven2/org/apache/maven/wagon/wagon-ssh/1.0-beta-6/wagon-ssh-1.0-beta-6.pom
2014-09-09 16:57:00,456 [Worker-8] INFO  o.e.m.c.i.e.AbstractTransferListenerAdapter - Downloaded http://repo.maven.apache.org/maven2/org/apache/maven/wagon/wagon-ssh/1.0-beta-6/wagon-ssh-1.0-beta-6.pom
2014-09-09 16:57:00,506 [Worker-8] INFO  o.e.m.c.i.e.AbstractTransferListenerAdapter - Downloading http://repo.maven.apache.org/maven2/com/jcraft/jsch/0.1.38/jsch-0.1.38.pom
2014-09-09 16:57:00,550 [Worker-8] INFO  o.e.m.c.i.e.AbstractTransferListenerAdapter - Downloaded http://repo.maven.apache.org/maven2/com/jcraft/jsch/0.1.38/jsch-0.1.38.pom
2014-09-09 16:57:00,800 [Worker-8] INFO  o.e.m.c.i.e.AbstractTransferListenerAdapter - Downloading http://repo.maven.apache.org/maven2/org/apache/maven/wagon/wagon-file/1.0-beta-2/wagon-file-1.0-beta-2.pom
2014-09-09 16:57:00,847 [Worker-8] INFO  o.e.m.c.i.e.AbstractTransferListenerAdapter - Downloaded http://repo.maven.apache.org/maven2/org/apache/maven/wagon/wagon-file/1.0-beta-2/wagon-file-1.0-beta-2.pom
2014-09-09 16:57:00,873 [Worker-8] INFO  o.e.m.c.i.e.AbstractTransferListenerAdapter - Downloading http://repo.maven.apache.org/maven2/org/apache/maven/wagon/wagon-providers/1.0-beta-2/wagon-providers-1.0-beta-2.pom
2014-09-09 16:57:01,288 [Worker-8] INFO  o.e.m.c.i.e.AbstractTransferListenerAdapter - Downloaded http://repo.maven.apache.org/maven2/org/apache/maven/wagon/wagon-providers/1.0-beta-2/wagon-providers-1.0-beta-2.pom
2014-09-09 16:57:01,315 [Worker-8] INFO  o.e.m.c.i.e.AbstractTransferListenerAdapter - Downloading http://repo.maven.apache.org/maven2/org/apache/maven/wagon/wagon/1.0-beta-2/wagon-1.0-beta-2.pom
2014-09-09 16:57:01,373 [Worker-8] INFO  o.e.m.c.i.e.AbstractTransferListenerAdapter - Downloaded http://repo.maven.apache.org/maven2/org/apache/maven/wagon/wagon/1.0-beta-2/wagon-1.0-beta-2.pom
2014-09-09 16:57:01,771 [Worker-8] INFO  o.e.m.c.i.e.AbstractTransferListenerAdapter - Downloading http://repo.maven.apache.org/maven2/org/apache/maven/wagon/wagon-provider-api/1.0-beta-2/wagon-provider-api-1.0-beta-2.pom
2014-09-09 16:57:02,076 [Worker-8] INFO  o.e.m.c.i.e.AbstractTransferListenerAdapter - Downloaded http://repo.maven.apache.org/maven2/org/apache/maven/wagon/wagon-provider-api/1.0-beta-2/wagon-provider-api-1.0-beta-2.pom
2014-09-09 16:57:02,106 [Worker-8] INFO  o.e.m.c.i.e.AbstractTransferListenerAdapter - Downloading http://repo.maven.apache.org/maven2/org/apache/maven/wagon/wagon-http-lightweight/1.0-beta-2/wagon-http-lightweight-1.0-beta-2.pom
2014-09-09 16:57:02,477 [Worker-8] INFO  o.e.m.c.i.e.AbstractTransferListenerAdapter - Downloaded http://repo.maven.apache.org/maven2/org/apache/maven/wagon/wagon-http-lightweight/1.0-beta-2/wagon-http-lightweight-1.0-beta-2.pom
2014-09-09 16:57:02,527 [Worker-8] INFO  o.e.m.c.i.e.AbstractTransferListenerAdapter - Downloading http://repo.maven.apache.org/maven2/org/apache/maven/wagon/wagon-http-shared/1.0-beta-2/wagon-http-shared-1.0-beta-2.pom
2014-09-09 16:57:02,572 [Worker-8] INFO  o.e.m.c.i.e.AbstractTransferListenerAdapter - Downloaded http://repo.maven.apache.org/maven2/org/apache/maven/wagon/wagon-http-shared/1.0-beta-2/wagon-http-shared-1.0-beta-2.pom
2014-09-09 16:57:02,602 [Worker-8] INFO  o.e.m.c.i.e.AbstractTransferListenerAdapter - Downloading http://repo.maven.apache.org/maven2/jtidy/jtidy/4aug2000r7-dev/jtidy-4aug2000r7-dev.pom
2014-09-09 16:57:02,649 [Worker-8] INFO  o.e.m.c.i.e.AbstractTransferListenerAdapter - Downloaded http://repo.maven.apache.org/maven2/jtidy/jtidy/4aug2000r7-dev/jtidy-4aug2000r7-dev.pom
2014-09-09 16:57:02,715 [Worker-8] INFO  o.e.m.c.i.e.AbstractTransferListenerAdapter - Downloading http://repo.maven.apache.org/maven2/org/apache/maven/wagon/wagon-ssh-external/1.0-beta-2/wagon-ssh-external-1.0-beta-2.pom
2014-09-09 16:57:02,802 [Worker-8] INFO  o.e.m.c.i.e.AbstractTransferListenerAdapter - Downloaded http://repo.maven.apache.org/maven2/org/apache/maven/wagon/wagon-ssh-external/1.0-beta-2/wagon-ssh-external-1.0-beta-2.pom
2014-09-09 16:57:02,833 [Worker-8] INFO  o.e.m.c.i.e.AbstractTransferListenerAdapter - Downloading http://repo.maven.apache.org/maven2/org/apache/maven/wagon/wagon-ssh-common/1.0-beta-2/wagon-ssh-common-1.0-beta-2.pom
2014-09-09 16:57:02,879 [Worker-8] INFO  o.e.m.c.i.e.AbstractTransferListenerAdapter - Downloaded http://repo.maven.apache.org/maven2/org/apache/maven/wagon/wagon-ssh-common/1.0-beta-2/wagon-ssh-common-1.0-beta-2.pom
2014-09-09 16:57:02,906 [Worker-8] INFO  o.e.m.c.i.e.AbstractTransferListenerAdapter - Downloading http://repo.maven.apache.org/maven2/org/codehaus/plexus/plexus-container-default/1.0-alpha-7/plexus-container-default-1.0-alpha-7.pom
2014-09-09 16:57:02,951 [Worker-8] INFO  o.e.m.c.i.e.AbstractTransferListenerAdapter - Downloaded http://repo.maven.apache.org/maven2/org/codehaus/plexus/plexus-container-default/1.0-alpha-7/plexus-container-default-1.0-alpha-7.pom
2014-09-09 16:57:02,981 [Worker-8] INFO  o.e.m.c.i.e.AbstractTransferListenerAdapter - Downloading http://repo.maven.apache.org/maven2/plexus/plexus-containers/1.0.2/plexus-containers-1.0.2.pom
2014-09-09 16:57:03,027 [Worker-8] INFO  o.e.m.c.i.e.AbstractTransferListenerAdapter - Downloaded http://repo.maven.apache.org/maven2/plexus/plexus-containers/1.0.2/plexus-containers-1.0.2.pom
2014-09-09 16:57:03,055 [Worker-8] INFO  o.e.m.c.i.e.AbstractTransferListenerAdapter - Downloading http://repo.maven.apache.org/maven2/plexus/plexus-root/1.0.3/plexus-root-1.0.3.pom
2014-09-09 16:57:03,422 [Worker-8] INFO  o.e.m.c.i.e.AbstractTransferListenerAdapter - Downloaded http://repo.maven.apache.org/maven2/plexus/plexus-root/1.0.3/plexus-root-1.0.3.pom
2014-09-09 16:57:03,450 [Worker-8] INFO  o.e.m.c.i.e.AbstractTransferListenerAdapter - Downloading http://repo.maven.apache.org/maven2/plexus/plexus-utils/1.0.2/plexus-utils-1.0.2.pom
2014-09-09 16:57:03,508 [Worker-8] INFO  o.e.m.c.i.e.AbstractTransferListenerAdapter - Downloaded http://repo.maven.apache.org/maven2/plexus/plexus-utils/1.0.2/plexus-utils-1.0.2.pom
2014-09-09 16:57:03,540 [Worker-8] INFO  o.e.m.c.i.e.AbstractTransferListenerAdapter - Downloading http://repo.maven.apache.org/maven2/org/apache/maven/wagon/wagon-ssh/1.0-beta-2/wagon-ssh-1.0-beta-2.pom
2014-09-09 16:57:04,088 [Worker-8] INFO  o.e.m.c.i.e.AbstractTransferListenerAdapter - Downloaded http://repo.maven.apache.org/maven2/org/apache/maven/wagon/wagon-ssh/1.0-beta-2/wagon-ssh-1.0-beta-2.pom
2014-09-09 16:57:04,119 [Worker-8] INFO  o.e.m.c.i.e.AbstractTransferListenerAdapter - Downloading http://repo.maven.apache.org/maven2/com/jcraft/jsch/0.1.27/jsch-0.1.27.pom
2014-09-09 16:57:04,162 [Worker-8] INFO  o.e.m.c.i.e.AbstractTransferListenerAdapter - Downloaded http://repo.maven.apache.org/maven2/com/jcraft/jsch/0.1.27/jsch-0.1.27.pom
2014-09-09 16:57:04,315 [Worker-8] INFO  o.e.m.c.i.e.AbstractTransferListenerAdapter - Downloading http://repo.maven.apache.org/maven2/org/apache/maven/shared/maven-invoker/2.0.9/maven-invoker-2.0.9.pom
2014-09-09 16:57:04,360 [Worker-8] INFO  o.e.m.c.i.e.AbstractTransferListenerAdapter - Downloaded http://repo.maven.apache.org/maven2/org/apache/maven/shared/maven-invoker/2.0.9/maven-invoker-2.0.9.pom
2014-09-09 16:57:04,388 [Worker-8] INFO  o.e.m.c.i.e.AbstractTransferListenerAdapter - Downloading http://repo.maven.apache.org/maven2/org/apache/maven/shared/maven-shared-components/9/maven-shared-components-9.pom
2014-09-09 16:57:04,714 [Worker-8] INFO  o.e.m.c.i.e.AbstractTransferListenerAdapter - Downloaded http://repo.maven.apache.org/maven2/org/apache/maven/shared/maven-shared-components/9/maven-shared-components-9.pom
2014-09-09 16:57:04,873 [Worker-8] INFO  o.e.m.c.i.e.AbstractTransferListenerAdapter - Downloading http://repo.maven.apache.org/maven2/org/codehaus/plexus/plexus-utils/1.4.9/plexus-utils-1.4.9.pom
2014-09-09 16:57:04,921 [Worker-8] INFO  o.e.m.c.i.e.AbstractTransferListenerAdapter - Downloaded http://repo.maven.apache.org/maven2/org/codehaus/plexus/plexus-utils/1.4.9/plexus-utils-1.4.9.pom
2014-09-09 16:57:04,950 [Worker-8] INFO  o.e.m.c.i.e.AbstractTransferListenerAdapter - Downloading http://repo.maven.apache.org/maven2/org/apache/maven/doxia/doxia-site-renderer/1.0/doxia-site-renderer-1.0.pom
2014-09-09 16:57:05,299 [Worker-8] INFO  o.e.m.c.i.e.AbstractTransferListenerAdapter - Downloaded http://repo.maven.apache.org/maven2/org/apache/maven/doxia/doxia-site-renderer/1.0/doxia-site-renderer-1.0.pom
2014-09-09 16:57:05,600 [Worker-8] INFO  o.e.m.c.i.e.AbstractTransferListenerAdapter - Downloading http://repo.maven.apache.org/maven2/org/apache/maven/doxia/doxia-sitetools/1.0/doxia-sitetools-1.0.pom
2014-09-09 16:57:05,678 [Worker-8] INFO  o.e.m.c.i.e.AbstractTransferListenerAdapter - Downloaded http://repo.maven.apache.org/maven2/org/apache/maven/doxia/doxia-sitetools/1.0/doxia-sitetools-1.0.pom
2014-09-09 16:57:06,003 [Worker-8] INFO  o.e.m.c.i.e.AbstractTransferListenerAdapter - Downloading http://repo.maven.apache.org/maven2/org/apache/maven/doxia/doxia-core/1.0/doxia-core-1.0.pom
2014-09-09 16:57:06,067 [Worker-8] INFO  o.e.m.c.i.e.AbstractTransferListenerAdapter - Downloaded http://repo.maven.apache.org/maven2/org/apache/maven/doxia/doxia-core/1.0/doxia-core-1.0.pom
2014-09-09 16:57:06,096 [Worker-8] INFO  o.e.m.c.i.e.AbstractTransferListenerAdapter - Downloading http://repo.maven.apache.org/maven2/org/codehaus/plexus/plexus-utils/1.5.7/plexus-utils-1.5.7.pom
2014-09-09 16:57:06,427 [Worker-8] INFO  o.e.m.c.i.e.AbstractTransferListenerAdapter - Downloaded http://repo.maven.apache.org/maven2/org/codehaus/plexus/plexus-utils/1.5.7/plexus-utils-1.5.7.pom
2014-09-09 16:57:06,578 [Worker-8] INFO  o.e.m.c.i.e.AbstractTransferListenerAdapter - Downloading http://repo.maven.apache.org/maven2/org/apache/maven/doxia/doxia-decoration-model/1.0/doxia-decoration-model-1.0.pom
2014-09-09 16:57:06,622 [Worker-8] INFO  o.e.m.c.i.e.AbstractTransferListenerAdapter - Downloaded http://repo.maven.apache.org/maven2/org/apache/maven/doxia/doxia-decoration-model/1.0/doxia-decoration-model-1.0.pom
2014-09-09 16:57:06,910 [Worker-8] INFO  o.e.m.c.i.e.AbstractTransferListenerAdapter - Downloading http://repo.maven.apache.org/maven2/org/apache/maven/doxia/doxia-module-apt/1.0/doxia-module-apt-1.0.pom
2014-09-09 16:57:06,959 [Worker-8] INFO  o.e.m.c.i.e.AbstractTransferListenerAdapter - Downloaded http://repo.maven.apache.org/maven2/org/apache/maven/doxia/doxia-module-apt/1.0/doxia-module-apt-1.0.pom
2014-09-09 16:57:06,988 [Worker-8] INFO  o.e.m.c.i.e.AbstractTransferListenerAdapter - Downloading http://repo.maven.apache.org/maven2/org/apache/maven/doxia/doxia-modules/1.0/doxia-modules-1.0.pom
2014-09-09 16:57:07,032 [Worker-8] INFO  o.e.m.c.i.e.AbstractTransferListenerAdapter - Downloaded http://repo.maven.apache.org/maven2/org/apache/maven/doxia/doxia-modules/1.0/doxia-modules-1.0.pom
2014-09-09 16:57:07,058 [Worker-8] INFO  o.e.m.c.i.e.AbstractTransferListenerAdapter - Downloading http://repo.maven.apache.org/maven2/org/apache/maven/doxia/doxia-module-fml/1.0/doxia-module-fml-1.0.pom
2014-09-09 16:57:07,103 [Worker-8] INFO  o.e.m.c.i.e.AbstractTransferListenerAdapter - Downloaded http://repo.maven.apache.org/maven2/org/apache/maven/doxia/doxia-module-fml/1.0/doxia-module-fml-1.0.pom
2014-09-09 16:57:07,132 [Worker-8] INFO  o.e.m.c.i.e.AbstractTransferListenerAdapter - Downloading http://repo.maven.apache.org/maven2/org/apache/maven/doxia/doxia-module-xdoc/1.0/doxia-module-xdoc-1.0.pom
2014-09-09 16:57:07,177 [Worker-8] INFO  o.e.m.c.i.e.AbstractTransferListenerAdapter - Downloaded http://repo.maven.apache.org/maven2/org/apache/maven/doxia/doxia-module-xdoc/1.0/doxia-module-xdoc-1.0.pom
2014-09-09 16:57:07,206 [Worker-8] INFO  o.e.m.c.i.e.AbstractTransferListenerAdapter - Downloading http://repo.maven.apache.org/maven2/org/apache/maven/doxia/doxia-module-xhtml/1.0/doxia-module-xhtml-1.0.pom
2014-09-09 16:57:07,256 [Worker-8] INFO  o.e.m.c.i.e.AbstractTransferListenerAdapter - Downloaded http://repo.maven.apache.org/maven2/org/apache/maven/doxia/doxia-module-xhtml/1.0/doxia-module-xhtml-1.0.pom
2014-09-09 16:57:07,303 [Worker-8] INFO  o.e.m.c.i.e.AbstractTransferListenerAdapter - Downloading http://repo.maven.apache.org/maven2/commons-io/commons-io/2.2/commons-io-2.2.pom
2014-09-09 16:57:07,366 [Worker-8] INFO  o.e.m.c.i.e.AbstractTransferListenerAdapter - Downloaded http://repo.maven.apache.org/maven2/commons-io/commons-io/2.2/commons-io-2.2.pom
2014-09-09 16:57:07,393 [Worker-8] INFO  o.e.m.c.i.e.AbstractTransferListenerAdapter - Downloading http://repo.maven.apache.org/maven2/org/apache/commons/commons-parent/24/commons-parent-24.pom
2014-09-09 16:57:07,534 [Worker-8] INFO  o.e.m.c.i.e.AbstractTransferListenerAdapter - Downloaded http://repo.maven.apache.org/maven2/org/apache/commons/commons-parent/24/commons-parent-24.pom
2014-09-09 16:57:07,601 [Worker-8] INFO  o.e.m.c.i.e.AbstractTransferListenerAdapter - Downloading http://repo.maven.apache.org/maven2/org/apache/httpcomponents/httpclient/4.2.3/httpclient-4.2.3.pom
2014-09-09 16:57:07,645 [Worker-8] INFO  o.e.m.c.i.e.AbstractTransferListenerAdapter - Downloaded http://repo.maven.apache.org/maven2/org/apache/httpcomponents/httpclient/4.2.3/httpclient-4.2.3.pom
2014-09-09 16:57:07,688 [Worker-8] INFO  o.e.m.c.i.e.AbstractTransferListenerAdapter - Downloading http://repo.maven.apache.org/maven2/org/apache/httpcomponents/httpcomponents-client/4.2.3/httpcomponents-client-4.2.3.pom
2014-09-09 16:57:07,756 [Worker-8] INFO  o.e.m.c.i.e.AbstractTransferListenerAdapter - Downloaded http://repo.maven.apache.org/maven2/org/apache/httpcomponents/httpcomponents-client/4.2.3/httpcomponents-client-4.2.3.pom
2014-09-09 16:57:07,781 [Worker-8] INFO  o.e.m.c.i.e.AbstractTransferListenerAdapter - Downloading http://repo.maven.apache.org/maven2/org/apache/httpcomponents/project/6/project-6.pom
2014-09-09 16:57:07,862 [Worker-8] INFO  o.e.m.c.i.e.AbstractTransferListenerAdapter - Downloaded http://repo.maven.apache.org/maven2/org/apache/httpcomponents/project/6/project-6.pom
2014-09-09 16:57:07,893 [Worker-8] INFO  o.e.m.c.i.e.AbstractTransferListenerAdapter - Downloading http://repo.maven.apache.org/maven2/org/apache/httpcomponents/httpcore/4.2.2/httpcore-4.2.2.pom
2014-09-09 16:57:07,938 [Worker-8] INFO  o.e.m.c.i.e.AbstractTransferListenerAdapter - Downloaded http://repo.maven.apache.org/maven2/org/apache/httpcomponents/httpcore/4.2.2/httpcore-4.2.2.pom
2014-09-09 16:57:08,219 [Worker-8] INFO  o.e.m.c.i.e.AbstractTransferListenerAdapter - Downloading http://repo.maven.apache.org/maven2/org/apache/httpcomponents/httpcomponents-core/4.2.2/httpcomponents-core-4.2.2.pom
2014-09-09 16:57:08,276 [Worker-8] INFO  o.e.m.c.i.e.AbstractTransferListenerAdapter - Downloaded http://repo.maven.apache.org/maven2/org/apache/httpcomponents/httpcomponents-core/4.2.2/httpcomponents-core-4.2.2.pom
2014-09-09 16:57:08,346 [Worker-8] INFO  o.e.m.c.i.e.AbstractTransferListenerAdapter - Downloading http://repo.maven.apache.org/maven2/log4j/log4j/1.2.14/log4j-1.2.14.pom
2014-09-09 16:57:08,387 [Worker-8] INFO  o.e.m.c.i.e.AbstractTransferListenerAdapter - Downloaded http://repo.maven.apache.org/maven2/log4j/log4j/1.2.14/log4j-1.2.14.pom
2014-09-09 16:57:08,478 [Worker-8] INFO  o.e.m.c.i.e.AbstractTransferListenerAdapter - Downloading http://repo.maven.apache.org/maven2/org/codehaus/plexus/plexus-archiver/2.1.2/plexus-archiver-2.1.2.pom
2014-09-09 16:57:08,524 [Worker-8] INFO  o.e.m.c.i.e.AbstractTransferListenerAdapter - Downloaded http://repo.maven.apache.org/maven2/org/codehaus/plexus/plexus-archiver/2.1.2/plexus-archiver-2.1.2.pom
2014-09-09 16:57:08,551 [Worker-8] INFO  o.e.m.c.i.e.AbstractTransferListenerAdapter - Downloading http://repo.maven.apache.org/maven2/org/codehaus/plexus/plexus-utils/3.0.2/plexus-utils-3.0.2.pom
2014-09-09 16:57:08,592 [Worker-8] INFO  o.e.m.c.i.e.AbstractTransferListenerAdapter - Downloaded http://repo.maven.apache.org/maven2/org/codehaus/plexus/plexus-utils/3.0.2/plexus-utils-3.0.2.pom
2014-09-09 16:57:08,619 [Worker-8] INFO  o.e.m.c.i.e.AbstractTransferListenerAdapter - Downloading http://repo.maven.apache.org/maven2/org/codehaus/plexus/plexus-io/2.0.4/plexus-io-2.0.4.pom
2014-09-09 16:57:08,660 [Worker-8] INFO  o.e.m.c.i.e.AbstractTransferListenerAdapter - Downloaded http://repo.maven.apache.org/maven2/org/codehaus/plexus/plexus-io/2.0.4/plexus-io-2.0.4.pom
2014-09-09 16:57:08,783 [Worker-8] INFO  o.e.m.c.i.e.AbstractTransferListenerAdapter - Downloading http://repo.maven.apache.org/maven2/org/apache/maven/plugins/maven-javadoc-plugin/2.9.1/maven-javadoc-plugin-2.9.1.jar
2014-09-09 16:57:09,303 [Worker-8] INFO  o.e.m.c.i.e.AbstractTransferListenerAdapter - Downloaded http://repo.maven.apache.org/maven2/org/apache/maven/plugins/maven-javadoc-plugin/2.9.1/maven-javadoc-plugin-2.9.1.jar
2014-09-09 16:57:09,324 [Worker-8] INFO  o.e.m.c.i.e.AbstractTransferListenerAdapter - Downloading http://repo.maven.apache.org/maven2/org/apache/maven/maven-core/2.2.1/maven-core-2.2.1.jar
2014-09-09 16:57:09,545 [Worker-8] INFO  o.e.m.c.i.e.AbstractTransferListenerAdapter - Downloaded http://repo.maven.apache.org/maven2/org/apache/maven/maven-core/2.2.1/maven-core-2.2.1.jar
2014-09-09 16:57:09,565 [Worker-8] INFO  o.e.m.c.i.e.AbstractTransferListenerAdapter - Downloading http://repo.maven.apache.org/maven2/org/apache/maven/wagon/wagon-file/1.0-beta-6/wagon-file-1.0-beta-6.jar
2014-09-09 16:57:09,611 [Worker-8] INFO  o.e.m.c.i.e.AbstractTransferListenerAdapter - Downloaded http://repo.maven.apache.org/maven2/org/apache/maven/wagon/wagon-file/1.0-beta-6/wagon-file-1.0-beta-6.jar
2014-09-09 16:57:09,633 [Worker-8] INFO  o.e.m.c.i.e.AbstractTransferListenerAdapter - Downloading http://repo.maven.apache.org/maven2/org/apache/maven/maven-plugin-parameter-documenter/2.2.1/maven-plugin-parameter-documenter-2.2.1.jar
2014-09-09 16:57:09,683 [Worker-8] INFO  o.e.m.c.i.e.AbstractTransferListenerAdapter - Downloaded http://repo.maven.apache.org/maven2/org/apache/maven/maven-plugin-parameter-documenter/2.2.1/maven-plugin-parameter-documenter-2.2.1.jar
2014-09-09 16:57:09,703 [Worker-8] INFO  o.e.m.c.i.e.AbstractTransferListenerAdapter - Downloading http://repo.maven.apache.org/maven2/org/apache/maven/wagon/wagon-http-lightweight/1.0-beta-6/wagon-http-lightweight-1.0-beta-6.jar
2014-09-09 16:57:09,752 [Worker-8] INFO  o.e.m.c.i.e.AbstractTransferListenerAdapter - Downloaded http://repo.maven.apache.org/maven2/org/apache/maven/wagon/wagon-http-lightweight/1.0-beta-6/wagon-http-lightweight-1.0-beta-6.jar
2014-09-09 16:57:09,773 [Worker-8] INFO  o.e.m.c.i.e.AbstractTransferListenerAdapter - Downloading http://repo.maven.apache.org/maven2/org/apache/maven/wagon/wagon-http-shared/1.0-beta-6/wagon-http-shared-1.0-beta-6.jar
2014-09-09 16:57:09,821 [Worker-8] INFO  o.e.m.c.i.e.AbstractTransferListenerAdapter - Downloaded http://repo.maven.apache.org/maven2/org/apache/maven/wagon/wagon-http-shared/1.0-beta-6/wagon-http-shared-1.0-beta-6.jar
2014-09-09 16:57:09,842 [Worker-8] INFO  o.e.m.c.i.e.AbstractTransferListenerAdapter - Downloading http://repo.maven.apache.org/maven2/nekohtml/xercesMinimal/1.9.6.2/xercesMinimal-1.9.6.2.jar
2014-09-09 16:57:09,910 [Worker-8] INFO  o.e.m.c.i.e.AbstractTransferListenerAdapter - Downloaded http://repo.maven.apache.org/maven2/nekohtml/xercesMinimal/1.9.6.2/xercesMinimal-1.9.6.2.jar
2014-09-09 16:57:09,930 [Worker-8] INFO  o.e.m.c.i.e.AbstractTransferListenerAdapter - Downloading http://repo.maven.apache.org/maven2/nekohtml/nekohtml/1.9.6.2/nekohtml-1.9.6.2.jar
2014-09-09 16:57:10,062 [Worker-8] INFO  o.e.m.c.i.e.AbstractTransferListenerAdapter - Downloaded http://repo.maven.apache.org/maven2/nekohtml/nekohtml/1.9.6.2/nekohtml-1.9.6.2.jar
2014-09-09 16:57:10,083 [Worker-8] INFO  o.e.m.c.i.e.AbstractTransferListenerAdapter - Downloading http://repo.maven.apache.org/maven2/org/apache/maven/wagon/wagon-http/1.0-beta-6/wagon-http-1.0-beta-6.jar
2014-09-09 16:57:10,128 [Worker-8] INFO  o.e.m.c.i.e.AbstractTransferListenerAdapter - Downloaded http://repo.maven.apache.org/maven2/org/apache/maven/wagon/wagon-http/1.0-beta-6/wagon-http-1.0-beta-6.jar
2014-09-09 16:57:10,147 [Worker-8] INFO  o.e.m.c.i.e.AbstractTransferListenerAdapter - Downloading http://repo.maven.apache.org/maven2/org/apache/maven/wagon/wagon-webdav-jackrabbit/1.0-beta-6/wagon-webdav-jackrabbit-1.0-beta-6.jar
2014-09-09 16:57:10,195 [Worker-8] INFO  o.e.m.c.i.e.AbstractTransferListenerAdapter - Downloaded http://repo.maven.apache.org/maven2/org/apache/maven/wagon/wagon-webdav-jackrabbit/1.0-beta-6/wagon-webdav-jackrabbit-1.0-beta-6.jar
2014-09-09 16:57:10,217 [Worker-8] INFO  o.e.m.c.i.e.AbstractTransferListenerAdapter - Downloading http://repo.maven.apache.org/maven2/org/apache/jackrabbit/jackrabbit-webdav/1.5.0/jackrabbit-webdav-1.5.0.jar
2014-09-09 16:57:10,540 [Worker-8] INFO  o.e.m.c.i.e.AbstractTransferListenerAdapter - Downloaded http://repo.maven.apache.org/maven2/org/apache/jackrabbit/jackrabbit-webdav/1.5.0/jackrabbit-webdav-1.5.0.jar
2014-09-09 16:57:10,561 [Worker-8] INFO  o.e.m.c.i.e.AbstractTransferListenerAdapter - Downloading http://repo.maven.apache.org/maven2/org/apache/jackrabbit/jackrabbit-jcr-commons/1.5.0/jackrabbit-jcr-commons-1.5.0.jar
2014-09-09 16:57:10,822 [Worker-8] INFO  o.e.m.c.i.e.AbstractTransferListenerAdapter - Downloaded http://repo.maven.apache.org/maven2/org/apache/jackrabbit/jackrabbit-jcr-commons/1.5.0/jackrabbit-jcr-commons-1.5.0.jar
2014-09-09 16:57:10,845 [Worker-8] INFO  o.e.m.c.i.e.AbstractTransferListenerAdapter - Downloading http://repo.maven.apache.org/maven2/commons-httpclient/commons-httpclient/3.0/commons-httpclient-3.0.jar
2014-09-09 16:57:11,154 [Worker-8] INFO  o.e.m.c.i.e.AbstractTransferListenerAdapter - Downloaded http://repo.maven.apache.org/maven2/commons-httpclient/commons-httpclient/3.0/commons-httpclient-3.0.jar
2014-09-09 16:57:11,175 [Worker-8] INFO  o.e.m.c.i.e.AbstractTransferListenerAdapter - Downloading http://repo.maven.apache.org/maven2/org/slf4j/slf4j-nop/1.5.3/slf4j-nop-1.5.3.jar
2014-09-09 16:57:11,264 [Worker-8] INFO  o.e.m.c.i.e.AbstractTransferListenerAdapter - Downloaded http://repo.maven.apache.org/maven2/org/slf4j/slf4j-nop/1.5.3/slf4j-nop-1.5.3.jar
2014-09-09 16:57:11,285 [Worker-8] INFO  o.e.m.c.i.e.AbstractTransferListenerAdapter - Downloading http://repo.maven.apache.org/maven2/org/apache/maven/maven-profile/2.2.1/maven-profile-2.2.1.jar
2014-09-09 16:57:11,397 [Worker-8] INFO  o.e.m.c.i.e.AbstractTransferListenerAdapter - Downloaded http://repo.maven.apache.org/maven2/org/apache/maven/maven-profile/2.2.1/maven-profile-2.2.1.jar
2014-09-09 16:57:11,419 [Worker-8] INFO  o.e.m.c.i.e.AbstractTransferListenerAdapter - Downloading http://repo.maven.apache.org/maven2/org/apache/maven/maven-repository-metadata/2.2.1/maven-repository-metadata-2.2.1.jar
2014-09-09 16:57:11,540 [Worker-8] INFO  o.e.m.c.i.e.AbstractTransferListenerAdapter - Downloaded http://repo.maven.apache.org/maven2/org/apache/maven/maven-repository-metadata/2.2.1/maven-repository-metadata-2.2.1.jar
2014-09-09 16:57:11,563 [Worker-8] INFO  o.e.m.c.i.e.AbstractTransferListenerAdapter - Downloading http://repo.maven.apache.org/maven2/org/apache/maven/maven-error-diagnostics/2.2.1/maven-error-diagnostics-2.2.1.jar
2014-09-09 16:57:11,675 [Worker-8] INFO  o.e.m.c.i.e.AbstractTransferListenerAdapter - Downloaded http://repo.maven.apache.org/maven2/org/apache/maven/maven-error-diagnostics/2.2.1/maven-error-diagnostics-2.2.1.jar
2014-09-09 16:57:11,695 [Worker-8] INFO  o.e.m.c.i.e.AbstractTransferListenerAdapter - Downloading http://repo.maven.apache.org/maven2/org/apache/maven/wagon/wagon-ssh-external/1.0-beta-6/wagon-ssh-external-1.0-beta-6.jar
2014-09-09 16:57:11,809 [Worker-8] INFO  o.e.m.c.i.e.AbstractTransferListenerAdapter - Downloaded http://repo.maven.apache.org/maven2/org/apache/maven/wagon/wagon-ssh-external/1.0-beta-6/wagon-ssh-external-1.0-beta-6.jar
2014-09-09 16:57:11,847 [Worker-8] INFO  o.e.m.c.i.e.AbstractTransferListenerAdapter - Downloading http://repo.maven.apache.org/maven2/org/apache/maven/wagon/wagon-ssh-common/1.0-beta-6/wagon-ssh-common-1.0-beta-6.jar
2014-09-09 16:57:12,044 [Worker-8] INFO  o.e.m.c.i.e.AbstractTransferListenerAdapter - Downloaded http://repo.maven.apache.org/maven2/org/apache/maven/wagon/wagon-ssh-common/1.0-beta-6/wagon-ssh-common-1.0-beta-6.jar
2014-09-09 16:57:12,094 [Worker-8] INFO  o.e.m.c.i.e.AbstractTransferListenerAdapter - Downloading http://repo.maven.apache.org/maven2/org/apache/maven/maven-plugin-descriptor/2.2.1/maven-plugin-descriptor-2.2.1.jar
2014-09-09 16:57:12,761 [Worker-8] INFO  o.e.m.c.i.e.AbstractTransferListenerAdapter - Downloaded http://repo.maven.apache.org/maven2/org/apache/maven/maven-plugin-descriptor/2.2.1/maven-plugin-descriptor-2.2.1.jar
2014-09-09 16:57:12,781 [Worker-8] INFO  o.e.m.c.i.e.AbstractTransferListenerAdapter - Downloading http://repo.maven.apache.org/maven2/org/apache/maven/maven-monitor/2.2.1/maven-monitor-2.2.1.jar
2014-09-09 16:57:12,857 [Worker-8] INFO  o.e.m.c.i.e.AbstractTransferListenerAdapter - Downloaded http://repo.maven.apache.org/maven2/org/apache/maven/maven-monitor/2.2.1/maven-monitor-2.2.1.jar
2014-09-09 16:57:12,893 [Worker-8] INFO  o.e.m.c.i.e.AbstractTransferListenerAdapter - Downloading http://repo.maven.apache.org/maven2/org/apache/maven/wagon/wagon-ssh/1.0-beta-6/wagon-ssh-1.0-beta-6.jar
2014-09-09 16:57:13,049 [Worker-8] INFO  o.e.m.c.i.e.AbstractTransferListenerAdapter - Downloaded http://repo.maven.apache.org/maven2/org/apache/maven/wagon/wagon-ssh/1.0-beta-6/wagon-ssh-1.0-beta-6.jar
2014-09-09 16:57:13,082 [Worker-8] INFO  o.e.m.c.i.e.AbstractTransferListenerAdapter - Downloading http://repo.maven.apache.org/maven2/com/jcraft/jsch/0.1.38/jsch-0.1.38.jar
2014-09-09 16:57:13,873 [Worker-8] INFO  o.e.m.c.i.e.AbstractTransferListenerAdapter - Downloaded http://repo.maven.apache.org/maven2/com/jcraft/jsch/0.1.38/jsch-0.1.38.jar
2014-09-09 16:57:13,911 [Worker-8] INFO  o.e.m.c.i.e.AbstractTransferListenerAdapter - Downloading http://repo.maven.apache.org/maven2/classworlds/classworlds/1.1/classworlds-1.1.jar
2014-09-09 16:57:14,137 [Worker-8] INFO  o.e.m.c.i.e.AbstractTransferListenerAdapter - Downloaded http://repo.maven.apache.org/maven2/classworlds/classworlds/1.1/classworlds-1.1.jar
2014-09-09 16:57:14,158 [Worker-8] INFO  o.e.m.c.i.e.AbstractTransferListenerAdapter - Downloading http://repo.maven.apache.org/maven2/org/apache/maven/maven-project/2.2.1/maven-project-2.2.1.jar
2014-09-09 16:57:14,397 [Worker-8] INFO  o.e.m.c.i.e.AbstractTransferListenerAdapter - Downloaded http://repo.maven.apache.org/maven2/org/apache/maven/maven-project/2.2.1/maven-project-2.2.1.jar
2014-09-09 16:57:14,420 [Worker-8] INFO  o.e.m.c.i.e.AbstractTransferListenerAdapter - Downloading http://repo.maven.apache.org/maven2/org/apache/maven/maven-plugin-registry/2.2.1/maven-plugin-registry-2.2.1.jar
2014-09-09 16:57:14,527 [Worker-8] INFO  o.e.m.c.i.e.AbstractTransferListenerAdapter - Downloaded http://repo.maven.apache.org/maven2/org/apache/maven/maven-plugin-registry/2.2.1/maven-plugin-registry-2.2.1.jar
2014-09-09 16:57:14,550 [Worker-8] INFO  o.e.m.c.i.e.AbstractTransferListenerAdapter - Downloading http://repo.maven.apache.org/maven2/org/apache/maven/maven-model/2.2.1/maven-model-2.2.1.jar
2014-09-09 16:57:14,725 [Worker-8] INFO  o.e.m.c.i.e.AbstractTransferListenerAdapter - Downloaded http://repo.maven.apache.org/maven2/org/apache/maven/maven-model/2.2.1/maven-model-2.2.1.jar
2014-09-09 16:57:15,760 [Worker-8] INFO  o.e.m.c.i.e.AbstractTransferListenerAdapter - Downloading http://repo.maven.apache.org/maven2/org/apache/maven/maven-settings/2.2.1/maven-settings-2.2.1.jar
2014-09-09 16:57:15,915 [Worker-8] INFO  o.e.m.c.i.e.AbstractTransferListenerAdapter - Downloaded http://repo.maven.apache.org/maven2/org/apache/maven/maven-settings/2.2.1/maven-settings-2.2.1.jar
2014-09-09 16:57:15,939 [Worker-8] INFO  o.e.m.c.i.e.AbstractTransferListenerAdapter - Downloading http://repo.maven.apache.org/maven2/org/apache/maven/maven-plugin-api/2.2.1/maven-plugin-api-2.2.1.jar
2014-09-09 16:57:16,325 [Worker-8] INFO  o.e.m.c.i.e.AbstractTransferListenerAdapter - Downloaded http://repo.maven.apache.org/maven2/org/apache/maven/maven-plugin-api/2.2.1/maven-plugin-api-2.2.1.jar
2014-09-09 16:57:16,346 [Worker-8] INFO  o.e.m.c.i.e.AbstractTransferListenerAdapter - Downloading http://repo.maven.apache.org/maven2/org/apache/maven/maven-artifact/2.2.1/maven-artifact-2.2.1.jar
2014-09-09 16:57:16,528 [Worker-8] INFO  o.e.m.c.i.e.AbstractTransferListenerAdapter - Downloaded http://repo.maven.apache.org/maven2/org/apache/maven/maven-artifact/2.2.1/maven-artifact-2.2.1.jar
2014-09-09 16:57:16,548 [Worker-8] INFO  o.e.m.c.i.e.AbstractTransferListenerAdapter - Downloading http://repo.maven.apache.org/maven2/org/apache/maven/maven-artifact-manager/2.2.1/maven-artifact-manager-2.2.1.jar
2014-09-09 16:57:16,694 [Worker-8] INFO  o.e.m.c.i.e.AbstractTransferListenerAdapter - Downloaded http://repo.maven.apache.org/maven2/org/apache/maven/maven-artifact-manager/2.2.1/maven-artifact-manager-2.2.1.jar
2014-09-09 16:57:16,715 [Worker-8] INFO  o.e.m.c.i.e.AbstractTransferListenerAdapter - Downloading http://repo.maven.apache.org/maven2/org/apache/maven/maven-toolchain/2.2.1/maven-toolchain-2.2.1.jar
2014-09-09 16:57:17,122 [Worker-8] INFO  o.e.m.c.i.e.AbstractTransferListenerAdapter - Downloaded http://repo.maven.apache.org/maven2/org/apache/maven/maven-toolchain/2.2.1/maven-toolchain-2.2.1.jar
2014-09-09 16:57:17,145 [Worker-8] INFO  o.e.m.c.i.e.AbstractTransferListenerAdapter - Downloading http://repo.maven.apache.org/maven2/org/apache/maven/shared/maven-invoker/2.0.9/maven-invoker-2.0.9.jar
2014-09-09 16:57:17,253 [Worker-8] INFO  o.e.m.c.i.e.AbstractTransferListenerAdapter - Downloaded http://repo.maven.apache.org/maven2/org/apache/maven/shared/maven-invoker/2.0.9/maven-invoker-2.0.9.jar
2014-09-09 16:57:17,272 [Worker-8] INFO  o.e.m.c.i.e.AbstractTransferListenerAdapter - Downloading http://repo.maven.apache.org/maven2/org/apache/maven/doxia/doxia-sink-api/1.0/doxia-sink-api-1.0.jar
2014-09-09 16:57:17,367 [Worker-8] INFO  o.e.m.c.i.e.AbstractTransferListenerAdapter - Downloaded http://repo.maven.apache.org/maven2/org/apache/maven/doxia/doxia-sink-api/1.0/doxia-sink-api-1.0.jar
2014-09-09 16:57:17,387 [Worker-8] INFO  o.e.m.c.i.e.AbstractTransferListenerAdapter - Downloading http://repo.maven.apache.org/maven2/org/apache/maven/doxia/doxia-site-renderer/1.0/doxia-site-renderer-1.0.jar
2014-09-09 16:57:17,513 [Worker-8] INFO  o.e.m.c.i.e.AbstractTransferListenerAdapter - Downloaded http://repo.maven.apache.org/maven2/org/apache/maven/doxia/doxia-site-renderer/1.0/doxia-site-renderer-1.0.jar
2014-09-09 16:57:17,536 [Worker-8] INFO  o.e.m.c.i.e.AbstractTransferListenerAdapter - Downloading http://repo.maven.apache.org/maven2/org/apache/maven/doxia/doxia-core/1.0/doxia-core-1.0.jar
2014-09-09 16:57:17,667 [Worker-8] INFO  o.e.m.c.i.e.AbstractTransferListenerAdapter - Downloaded http://repo.maven.apache.org/maven2/org/apache/maven/doxia/doxia-core/1.0/doxia-core-1.0.jar
2014-09-09 16:57:17,971 [Worker-8] INFO  o.e.m.c.i.e.AbstractTransferListenerAdapter - Downloading http://repo.maven.apache.org/maven2/org/codehaus/plexus/plexus-velocity/1.1.7/plexus-velocity-1.1.7.jar
2014-09-09 16:57:18,060 [Worker-8] INFO  o.e.m.c.i.e.AbstractTransferListenerAdapter - Downloaded http://repo.maven.apache.org/maven2/org/codehaus/plexus/plexus-velocity/1.1.7/plexus-velocity-1.1.7.jar
2014-09-09 16:57:18,080 [Worker-8] INFO  o.e.m.c.i.e.AbstractTransferListenerAdapter - Downloading http://repo.maven.apache.org/maven2/org/apache/maven/doxia/doxia-decoration-model/1.0/doxia-decoration-model-1.0.jar
2014-09-09 16:57:18,212 [Worker-8] INFO  o.e.m.c.i.e.AbstractTransferListenerAdapter - Downloaded http://repo.maven.apache.org/maven2/org/apache/maven/doxia/doxia-decoration-model/1.0/doxia-decoration-model-1.0.jar
2014-09-09 16:57:18,232 [Worker-8] INFO  o.e.m.c.i.e.AbstractTransferListenerAdapter - Downloading http://repo.maven.apache.org/maven2/commons-collections/commons-collections/3.2/commons-collections-3.2.jar
2014-09-09 16:57:18,767 [Worker-8] INFO  o.e.m.c.i.e.AbstractTransferListenerAdapter - Downloaded http://repo.maven.apache.org/maven2/commons-collections/commons-collections/3.2/commons-collections-3.2.jar
2014-09-09 16:57:18,787 [Worker-8] INFO  o.e.m.c.i.e.AbstractTransferListenerAdapter - Downloading http://repo.maven.apache.org/maven2/org/apache/maven/doxia/doxia-module-apt/1.0/doxia-module-apt-1.0.jar
2014-09-09 16:57:19,180 [Worker-8] INFO  o.e.m.c.i.e.AbstractTransferListenerAdapter - Downloaded http://repo.maven.apache.org/maven2/org/apache/maven/doxia/doxia-module-apt/1.0/doxia-module-apt-1.0.jar
2014-09-09 16:57:19,201 [Worker-8] INFO  o.e.m.c.i.e.AbstractTransferListenerAdapter - Downloading http://repo.maven.apache.org/maven2/org/apache/maven/doxia/doxia-module-fml/1.0/doxia-module-fml-1.0.jar
2014-09-09 16:57:19,266 [Worker-8] INFO  o.e.m.c.i.e.AbstractTransferListenerAdapter - Downloaded http://repo.maven.apache.org/maven2/org/apache/maven/doxia/doxia-module-fml/1.0/doxia-module-fml-1.0.jar
2014-09-09 16:57:19,287 [Worker-8] INFO  o.e.m.c.i.e.AbstractTransferListenerAdapter - Downloading http://repo.maven.apache.org/maven2/org/apache/maven/doxia/doxia-module-xdoc/1.0/doxia-module-xdoc-1.0.jar
2014-09-09 16:57:19,620 [Worker-8] INFO  o.e.m.c.i.e.AbstractTransferListenerAdapter - Downloaded http://repo.maven.apache.org/maven2/org/apache/maven/doxia/doxia-module-xdoc/1.0/doxia-module-xdoc-1.0.jar
2014-09-09 16:57:19,641 [Worker-8] INFO  o.e.m.c.i.e.AbstractTransferListenerAdapter - Downloading http://repo.maven.apache.org/maven2/org/apache/maven/doxia/doxia-module-xhtml/1.0/doxia-module-xhtml-1.0.jar
2014-09-09 16:57:19,708 [Worker-8] INFO  o.e.m.c.i.e.AbstractTransferListenerAdapter - Downloaded http://repo.maven.apache.org/maven2/org/apache/maven/doxia/doxia-module-xhtml/1.0/doxia-module-xhtml-1.0.jar
2014-09-09 16:57:19,729 [Worker-8] INFO  o.e.m.c.i.e.AbstractTransferListenerAdapter - Downloading http://repo.maven.apache.org/maven2/commons-io/commons-io/2.2/commons-io-2.2.jar
2014-09-09 16:57:20,018 [Worker-8] INFO  o.e.m.c.i.e.AbstractTransferListenerAdapter - Downloaded http://repo.maven.apache.org/maven2/commons-io/commons-io/2.2/commons-io-2.2.jar
2014-09-09 16:57:20,040 [Worker-8] INFO  o.e.m.c.i.e.AbstractTransferListenerAdapter - Downloading http://repo.maven.apache.org/maven2/org/apache/httpcomponents/httpclient/4.2.3/httpclient-4.2.3.jar
2014-09-09 16:57:20,499 [Worker-8] INFO  o.e.m.c.i.e.AbstractTransferListenerAdapter - Downloaded http://repo.maven.apache.org/maven2/org/apache/httpcomponents/httpclient/4.2.3/httpclient-4.2.3.jar
2014-09-09 16:57:20,520 [Worker-8] INFO  o.e.m.c.i.e.AbstractTransferListenerAdapter - Downloading http://repo.maven.apache.org/maven2/org/apache/httpcomponents/httpcore/4.2.2/httpcore-4.2.2.jar
2014-09-09 16:57:20,824 [Worker-8] INFO  o.e.m.c.i.e.AbstractTransferListenerAdapter - Downloaded http://repo.maven.apache.org/maven2/org/apache/httpcomponents/httpcore/4.2.2/httpcore-4.2.2.jar
2014-09-09 16:57:20,845 [Worker-8] INFO  o.e.m.c.i.e.AbstractTransferListenerAdapter - Downloading http://repo.maven.apache.org/maven2/log4j/log4j/1.2.14/log4j-1.2.14.jar
2014-09-09 16:57:21,186 [Worker-8] INFO  o.e.m.c.i.e.AbstractTransferListenerAdapter - Downloaded http://repo.maven.apache.org/maven2/log4j/log4j/1.2.14/log4j-1.2.14.jar
2014-09-09 16:57:21,208 [Worker-8] INFO  o.e.m.c.i.e.AbstractTransferListenerAdapter - Downloading http://repo.maven.apache.org/maven2/org/codehaus/plexus/plexus-container-default/1.0-alpha-9/plexus-container-default-1.0-alpha-9.jar
2014-09-09 16:57:21,436 [Worker-8] INFO  o.e.m.c.i.e.AbstractTransferListenerAdapter - Downloaded http://repo.maven.apache.org/maven2/org/codehaus/plexus/plexus-container-default/1.0-alpha-9/plexus-container-default-1.0-alpha-9.jar
2014-09-09 16:57:21,458 [Worker-8] INFO  o.e.m.c.i.e.AbstractTransferListenerAdapter - Downloading http://repo.maven.apache.org/maven2/org/codehaus/plexus/plexus-archiver/2.1.2/plexus-archiver-2.1.2.jar
2014-09-09 16:57:21,687 [Worker-8] INFO  o.e.m.c.i.e.AbstractTransferListenerAdapter - Downloaded http://repo.maven.apache.org/maven2/org/codehaus/plexus/plexus-archiver/2.1.2/plexus-archiver-2.1.2.jar
2014-09-09 16:57:22,293 [Worker-8] INFO  o.e.m.c.i.e.AbstractTransferListenerAdapter - Downloading http://repo.maven.apache.org/maven2/org/codehaus/plexus/plexus-io/2.0.4/plexus-io-2.0.4.jar
2014-09-09 16:57:22,380 [Worker-8] INFO  o.e.m.c.i.e.AbstractTransferListenerAdapter - Downloaded http://repo.maven.apache.org/maven2/org/codehaus/plexus/plexus-io/2.0.4/plexus-io-2.0.4.jar
2014-09-09 16:57:25,014 [Worker-8] INFO  o.e.m.c.i.embedder.EclipseLogger - Using 'UTF-8' encoding to copy filtered resources.
2014-09-09 16:57:25,014 [Worker-8] INFO  o.e.m.c.i.embedder.EclipseLogger - skip non existing resourceDirectory /Users/benjaminsoulas/Desktop/wk_MNJ/tpmaven/src/main/resources
2014-09-09 16:57:25,016 [Worker-8] INFO  o.e.m.c.i.embedder.EclipseLogger - Using 'UTF-8' encoding to copy filtered resources.
2014-09-09 16:57:25,016 [Worker-8] INFO  o.e.m.c.i.embedder.EclipseLogger - skip non existing resourceDirectory /Users/benjaminsoulas/Desktop/wk_MNJ/tpmaven/src/test/resources
2014-09-09 16:57:26,649 [Worker-8] INFO  o.e.m.c.i.embedder.EclipseLogger - Using 'UTF-8' encoding to copy filtered resources.
2014-09-09 16:57:26,649 [Worker-8] INFO  o.e.m.c.i.embedder.EclipseLogger - skip non existing resourceDirectory /Users/benjaminsoulas/Desktop/wk_MNJ/tpmaven/src/main/resources
2014-09-09 16:57:26,651 [Worker-8] INFO  o.e.m.c.i.embedder.EclipseLogger - Using 'UTF-8' encoding to copy filtered resources.
2014-09-09 16:57:26,651 [Worker-8] INFO  o.e.m.c.i.embedder.EclipseLogger - skip non existing resourceDirectory /Users/benjaminsoulas/Desktop/wk_MNJ/tpmaven/src/test/resources
2014-09-09 16:59:23,997 [Worker-5] INFO  o.e.m.c.i.l.LifecycleMappingFactory - Using org.eclipse.m2e.jdt.JarLifecycleMapping lifecycle mapping for MavenProject: fr.istic.master2:tpmaven:1.0-SNAPSHOT @ /Users/benjaminsoulas/Desktop/wk_MNJ/tpmaven/pom.xml.
2014-09-09 16:59:29,269 [Worker-5] INFO  o.e.m.c.i.e.AbstractTransferListenerAdapter - Downloading http://repo.maven.apache.org/maven2/org/apache/maven/plugins/maven-checkstyle-plugin/2.12.1/maven-checkstyle-plugin-2.12.1.pom
2014-09-09 16:59:29,330 [Worker-5] INFO  o.e.m.c.i.e.AbstractTransferListenerAdapter - Downloaded http://repo.maven.apache.org/maven2/org/apache/maven/plugins/maven-checkstyle-plugin/2.12.1/maven-checkstyle-plugin-2.12.1.pom
2014-09-09 16:59:29,388 [Worker-5] INFO  o.e.m.c.i.e.AbstractTransferListenerAdapter - Downloading http://repo.maven.apache.org/maven2/org/apache/maven/plugins/maven-plugins/25/maven-plugins-25.pom
2014-09-09 16:59:29,490 [Worker-5] INFO  o.e.m.c.i.e.AbstractTransferListenerAdapter - Downloaded http://repo.maven.apache.org/maven2/org/apache/maven/plugins/maven-plugins/25/maven-plugins-25.pom
2014-09-09 16:59:29,547 [Worker-5] INFO  o.e.m.c.i.e.AbstractTransferListenerAdapter - Downloading http://repo.maven.apache.org/maven2/org/apache/maven/maven-parent/24/maven-parent-24.pom
2014-09-09 16:59:30,330 [Worker-5] INFO  o.e.m.c.i.e.AbstractTransferListenerAdapter - Downloaded http://repo.maven.apache.org/maven2/org/apache/maven/maven-parent/24/maven-parent-24.pom
2014-09-09 16:59:30,394 [Worker-5] INFO  o.e.m.c.i.e.AbstractTransferListenerAdapter - Downloading http://repo.maven.apache.org/maven2/org/apache/apache/14/apache-14.pom
2014-09-09 16:59:30,512 [Worker-5] INFO  o.e.m.c.i.e.AbstractTransferListenerAdapter - Downloaded http://repo.maven.apache.org/maven2/org/apache/apache/14/apache-14.pom
2014-09-09 16:59:30,576 [Worker-5] INFO  o.e.m.c.i.e.AbstractTransferListenerAdapter - Downloading http://repo.maven.apache.org/maven2/org/apache/maven/reporting/maven-reporting-impl/2.2/maven-reporting-impl-2.2.pom
2014-09-09 16:59:31,266 [Worker-5] INFO  o.e.m.c.i.e.AbstractTransferListenerAdapter - Downloaded http://repo.maven.apache.org/maven2/org/apache/maven/reporting/maven-reporting-impl/2.2/maven-reporting-impl-2.2.pom
2014-09-09 16:59:34,749 [Worker-5] INFO  o.e.m.c.i.e.AbstractTransferListenerAdapter - Downloading http://repo.maven.apache.org/maven2/org/codehaus/plexus/plexus-interpolation/1.19/plexus-interpolation-1.19.pom
2014-09-09 16:59:34,856 [Worker-5] INFO  o.e.m.c.i.e.AbstractTransferListenerAdapter - Downloaded http://repo.maven.apache.org/maven2/org/codehaus/plexus/plexus-interpolation/1.19/plexus-interpolation-1.19.pom
2014-09-09 16:59:35,110 [Worker-5] INFO  o.e.m.c.i.e.AbstractTransferListenerAdapter - Downloading http://repo.maven.apache.org/maven2/com/puppycrawl/tools/checkstyle/5.7/checkstyle-5.7.pom
2014-09-09 16:59:35,226 [Worker-5] INFO  o.e.m.c.i.e.AbstractTransferListenerAdapter - Downloaded http://repo.maven.apache.org/maven2/com/puppycrawl/tools/checkstyle/5.7/checkstyle-5.7.pom
2014-09-09 16:59:35,960 [Worker-5] INFO  o.e.m.c.i.e.AbstractTransferListenerAdapter - Downloading http://repo.maven.apache.org/maven2/commons-beanutils/commons-beanutils-core/1.8.3/commons-beanutils-core-1.8.3.pom
2014-09-09 16:59:36,038 [Worker-5] INFO  o.e.m.c.i.e.AbstractTransferListenerAdapter - Downloaded http://repo.maven.apache.org/maven2/commons-beanutils/commons-beanutils-core/1.8.3/commons-beanutils-core-1.8.3.pom
2014-09-09 16:59:36,099 [Worker-5] INFO  o.e.m.c.i.e.AbstractTransferListenerAdapter - Downloading http://repo.maven.apache.org/maven2/com/google/guava/guava-jdk5/14.0.1/guava-jdk5-14.0.1.pom
2014-09-09 16:59:36,274 [Worker-5] INFO  o.e.m.c.i.e.AbstractTransferListenerAdapter - Downloaded http://repo.maven.apache.org/maven2/com/google/guava/guava-jdk5/14.0.1/guava-jdk5-14.0.1.pom
2014-09-09 16:59:36,334 [Worker-5] INFO  o.e.m.c.i.e.AbstractTransferListenerAdapter - Downloading http://repo.maven.apache.org/maven2/com/google/guava/guava-parent-jdk5/14.0.1/guava-parent-jdk5-14.0.1.pom
2014-09-09 16:59:36,424 [Worker-5] INFO  o.e.m.c.i.e.AbstractTransferListenerAdapter - Downloaded http://repo.maven.apache.org/maven2/com/google/guava/guava-parent-jdk5/14.0.1/guava-parent-jdk5-14.0.1.pom
2014-09-09 16:59:36,576 [Worker-5] INFO  o.e.m.c.i.e.AbstractTransferListenerAdapter - Downloading http://repo.maven.apache.org/maven2/org/apache/maven/plugins/maven-checkstyle-plugin/2.12.1/maven-checkstyle-plugin-2.12.1.jar
2014-09-09 16:59:36,761 [Worker-5] INFO  o.e.m.c.i.e.AbstractTransferListenerAdapter - Downloaded http://repo.maven.apache.org/maven2/org/apache/maven/plugins/maven-checkstyle-plugin/2.12.1/maven-checkstyle-plugin-2.12.1.jar
2014-09-09 16:59:37,064 [Worker-5] INFO  o.e.m.c.i.e.AbstractTransferListenerAdapter - Downloading http://repo.maven.apache.org/maven2/org/apache/maven/reporting/maven-reporting-impl/2.2/maven-reporting-impl-2.2.jar
2014-09-09 16:59:37,170 [Worker-5] INFO  o.e.m.c.i.e.AbstractTransferListenerAdapter - Downloaded http://repo.maven.apache.org/maven2/org/apache/maven/reporting/maven-reporting-impl/2.2/maven-reporting-impl-2.2.jar
2014-09-09 16:59:37,469 [Worker-5] INFO  o.e.m.c.i.e.AbstractTransferListenerAdapter - Downloading http://repo.maven.apache.org/maven2/org/codehaus/plexus/plexus-interpolation/1.19/plexus-interpolation-1.19.jar
2014-09-09 16:59:37,605 [Worker-5] INFO  o.e.m.c.i.e.AbstractTransferListenerAdapter - Downloaded http://repo.maven.apache.org/maven2/org/codehaus/plexus/plexus-interpolation/1.19/plexus-interpolation-1.19.jar
2014-09-09 16:59:37,629 [Worker-5] INFO  o.e.m.c.i.e.AbstractTransferListenerAdapter - Downloading http://repo.maven.apache.org/maven2/com/puppycrawl/tools/checkstyle/5.7/checkstyle-5.7.jar
2014-09-09 16:59:38,346 [Worker-5] INFO  o.e.m.c.i.e.AbstractTransferListenerAdapter - Downloaded http://repo.maven.apache.org/maven2/com/puppycrawl/tools/checkstyle/5.7/checkstyle-5.7.jar
2014-09-09 16:59:38,394 [Worker-5] INFO  o.e.m.c.i.e.AbstractTransferListenerAdapter - Downloading http://repo.maven.apache.org/maven2/commons-beanutils/commons-beanutils-core/1.8.3/commons-beanutils-core-1.8.3.jar
2014-09-09 16:59:42,854 [Worker-5] INFO  o.e.m.c.i.e.AbstractTransferListenerAdapter - Downloaded http://repo.maven.apache.org/maven2/commons-beanutils/commons-beanutils-core/1.8.3/commons-beanutils-core-1.8.3.jar
2014-09-09 16:59:42,883 [Worker-5] INFO  o.e.m.c.i.e.AbstractTransferListenerAdapter - Downloading http://repo.maven.apache.org/maven2/com/google/guava/guava-jdk5/14.0.1/guava-jdk5-14.0.1.jar
2014-09-09 16:59:44,940 [Worker-5] INFO  o.e.m.c.i.e.AbstractTransferListenerAdapter - Downloaded http://repo.maven.apache.org/maven2/com/google/guava/guava-jdk5/14.0.1/guava-jdk5-14.0.1.jar
2014-09-09 16:59:46,627 [Worker-5] INFO  o.e.m.c.i.embedder.EclipseLogger - Using 'UTF-8' encoding to copy filtered resources.
2014-09-09 16:59:46,627 [Worker-5] INFO  o.e.m.c.i.embedder.EclipseLogger - skip non existing resourceDirectory /Users/benjaminsoulas/Desktop/wk_MNJ/tpmaven/src/main/resources
2014-09-09 16:59:46,629 [Worker-5] INFO  o.e.m.c.i.embedder.EclipseLogger - Using 'UTF-8' encoding to copy filtered resources.
2014-09-09 16:59:46,629 [Worker-5] INFO  o.e.m.c.i.embedder.EclipseLogger - skip non existing resourceDirectory /Users/benjaminsoulas/Desktop/wk_MNJ/tpmaven/src/test/resources
2014-09-09 16:59:50,419 [Worker-11] INFO  o.e.m.c.i.embedder.EclipseLogger - Using 'UTF-8' encoding to copy filtered resources.
2014-09-09 16:59:50,419 [Worker-11] INFO  o.e.m.c.i.embedder.EclipseLogger - skip non existing resourceDirectory /Users/benjaminsoulas/Desktop/wk_MNJ/tpmaven/src/main/resources
2014-09-09 16:59:50,421 [Worker-11] INFO  o.e.m.c.i.embedder.EclipseLogger - Using 'UTF-8' encoding to copy filtered resources.
2014-09-09 16:59:50,421 [Worker-11] INFO  o.e.m.c.i.embedder.EclipseLogger - skip non existing resourceDirectory /Users/benjaminsoulas/Desktop/wk_MNJ/tpmaven/src/test/resources
2014-09-09 17:03:27,480 [Worker-16] INFO  o.e.m.c.i.l.LifecycleMappingFactory - Using org.eclipse.m2e.jdt.JarLifecycleMapping lifecycle mapping for MavenProject: fr.istic.master2:tpmaven:1.0-SNAPSHOT @ /Users/benjaminsoulas/Desktop/wk_MNJ/tpmaven/pom.xml.
2014-09-09 17:03:27,906 [Worker-16] INFO  o.e.m.c.i.embedder.EclipseLogger - Using 'UTF-8' encoding to copy filtered resources.
2014-09-09 17:03:27,906 [Worker-16] INFO  o.e.m.c.i.embedder.EclipseLogger - skip non existing resourceDirectory /Users/benjaminsoulas/Desktop/wk_MNJ/tpmaven/src/main/resources
2014-09-09 17:03:27,907 [Worker-16] INFO  o.e.m.c.i.embedder.EclipseLogger - Using 'UTF-8' encoding to copy filtered resources.
2014-09-09 17:03:27,908 [Worker-16] INFO  o.e.m.c.i.embedder.EclipseLogger - skip non existing resourceDirectory /Users/benjaminsoulas/Desktop/wk_MNJ/tpmaven/src/test/resources
2014-09-09 17:03:29,086 [Worker-5] INFO  o.e.m.c.i.embedder.EclipseLogger - Using 'UTF-8' encoding to copy filtered resources.
2014-09-09 17:03:29,086 [Worker-5] INFO  o.e.m.c.i.embedder.EclipseLogger - skip non existing resourceDirectory /Users/benjaminsoulas/Desktop/wk_MNJ/tpmaven/src/main/resources
2014-09-09 17:03:29,087 [Worker-5] INFO  o.e.m.c.i.embedder.EclipseLogger - Using 'UTF-8' encoding to copy filtered resources.
2014-09-09 17:03:29,087 [Worker-5] INFO  o.e.m.c.i.embedder.EclipseLogger - skip non existing resourceDirectory /Users/benjaminsoulas/Desktop/wk_MNJ/tpmaven/src/test/resources
2014-09-09 17:08:50,926 [Worker-19] INFO  o.e.m.c.i.l.LifecycleMappingFactory - Using org.eclipse.m2e.jdt.JarLifecycleMapping lifecycle mapping for MavenProject: fr.istic.master2:tpmaven:1.0-SNAPSHOT @ /Users/benjaminsoulas/Desktop/wk_MNJ/tpmaven/pom.xml.
2014-09-09 17:08:51,280 [Worker-19] INFO  o.e.m.c.i.embedder.EclipseLogger - Using 'UTF-8' encoding to copy filtered resources.
2014-09-09 17:08:51,281 [Worker-19] INFO  o.e.m.c.i.embedder.EclipseLogger - skip non existing resourceDirectory /Users/benjaminsoulas/Desktop/wk_MNJ/tpmaven/src/main/resources
2014-09-09 17:08:51,283 [Worker-19] INFO  o.e.m.c.i.embedder.EclipseLogger - Using 'UTF-8' encoding to copy filtered resources.
2014-09-09 17:08:51,283 [Worker-19] INFO  o.e.m.c.i.embedder.EclipseLogger - skip non existing resourceDirectory /Users/benjaminsoulas/Desktop/wk_MNJ/tpmaven/src/test/resources
2014-09-09 17:10:37,535 [Worker-15] INFO  o.e.m.c.i.l.LifecycleMappingFactory - Using org.eclipse.m2e.jdt.JarLifecycleMapping lifecycle mapping for MavenProject: fr.istic.master2:tpmaven:1.0-SNAPSHOT @ /Users/benjaminsoulas/Desktop/wk_MNJ/tpmaven/pom.xml.
2014-09-09 17:10:37,557 [Worker-15] INFO  o.e.m.c.i.embedder.EclipseLogger - Using 'UTF-8' encoding to copy filtered resources.
2014-09-09 17:10:37,557 [Worker-15] INFO  o.e.m.c.i.embedder.EclipseLogger - skip non existing resourceDirectory /Users/benjaminsoulas/Desktop/wk_MNJ/tpmaven/src/main/resources
2014-09-09 17:10:37,558 [Worker-15] INFO  o.e.m.c.i.embedder.EclipseLogger - Using 'UTF-8' encoding to copy filtered resources.
2014-09-09 17:10:37,559 [Worker-15] INFO  o.e.m.c.i.embedder.EclipseLogger - skip non existing resourceDirectory /Users/benjaminsoulas/Desktop/wk_MNJ/tpmaven/src/test/resources
2014-09-09 17:10:38,738 [Worker-15] INFO  o.e.m.c.i.embedder.EclipseLogger - Using 'UTF-8' encoding to copy filtered resources.
2014-09-09 17:10:38,738 [Worker-15] INFO  o.e.m.c.i.embedder.EclipseLogger - skip non existing resourceDirectory /Users/benjaminsoulas/Desktop/wk_MNJ/tpmaven/src/main/resources
2014-09-09 17:10:38,739 [Worker-15] INFO  o.e.m.c.i.embedder.EclipseLogger - Using 'UTF-8' encoding to copy filtered resources.
2014-09-09 17:10:38,739 [Worker-15] INFO  o.e.m.c.i.embedder.EclipseLogger - skip non existing resourceDirectory /Users/benjaminsoulas/Desktop/wk_MNJ/tpmaven/src/test/resources
2014-09-09 17:15:35,219 [Worker-21] INFO  o.e.m.c.i.embedder.EclipseLogger - Using 'UTF-8' encoding to copy filtered resources.
2014-09-09 17:15:35,219 [Worker-21] INFO  o.e.m.c.i.embedder.EclipseLogger - skip non existing resourceDirectory /Users/benjaminsoulas/Desktop/wk_MNJ/tpmaven/src/main/resources
2014-09-09 17:15:35,220 [Worker-21] INFO  o.e.m.c.i.embedder.EclipseLogger - Using 'UTF-8' encoding to copy filtered resources.
2014-09-09 17:15:35,220 [Worker-21] INFO  o.e.m.c.i.embedder.EclipseLogger - skip non existing resourceDirectory /Users/benjaminsoulas/Desktop/wk_MNJ/tpmaven/src/test/resources
2014-09-09 17:15:54,799 [Worker-25] INFO  o.e.m.c.i.embedder.EclipseLogger - Using 'UTF-8' encoding to copy filtered resources.
2014-09-09 17:15:54,799 [Worker-25] INFO  o.e.m.c.i.embedder.EclipseLogger - skip non existing resourceDirectory /Users/benjaminsoulas/Desktop/wk_MNJ/tpmaven/src/main/resources
2014-09-09 17:15:54,800 [Worker-25] INFO  o.e.m.c.i.embedder.EclipseLogger - Using 'UTF-8' encoding to copy filtered resources.
2014-09-09 17:15:54,800 [Worker-25] INFO  o.e.m.c.i.embedder.EclipseLogger - skip non existing resourceDirectory /Users/benjaminsoulas/Desktop/wk_MNJ/tpmaven/src/test/resources
2014-09-09 17:16:13,614 [Worker-26] INFO  o.e.m.c.i.embedder.EclipseLogger - Using 'UTF-8' encoding to copy filtered resources.
2014-09-09 17:16:13,614 [Worker-26] INFO  o.e.m.c.i.embedder.EclipseLogger - skip non existing resourceDirectory /Users/benjaminsoulas/Desktop/wk_MNJ/tpmaven/src/main/resources
2014-09-09 17:16:13,615 [Worker-26] INFO  o.e.m.c.i.embedder.EclipseLogger - Using 'UTF-8' encoding to copy filtered resources.
2014-09-09 17:16:13,615 [Worker-26] INFO  o.e.m.c.i.embedder.EclipseLogger - skip non existing resourceDirectory /Users/benjaminsoulas/Desktop/wk_MNJ/tpmaven/src/test/resources
2014-09-09 17:17:05,905 [Worker-17] INFO  o.e.m.c.i.embedder.EclipseLogger - Using 'UTF-8' encoding to copy filtered resources.
2014-09-09 17:17:05,906 [Worker-17] INFO  o.e.m.c.i.embedder.EclipseLogger - skip non existing resourceDirectory /Users/benjaminsoulas/Desktop/wk_MNJ/tpmaven/src/main/resources
2014-09-09 17:17:05,907 [Worker-17] INFO  o.e.m.c.i.embedder.EclipseLogger - Using 'UTF-8' encoding to copy filtered resources.
2014-09-09 17:17:05,907 [Worker-17] INFO  o.e.m.c.i.embedder.EclipseLogger - skip non existing resourceDirectory /Users/benjaminsoulas/Desktop/wk_MNJ/tpmaven/src/test/resources
2014-09-09 17:17:50,703 [Worker-21] INFO  o.e.m.c.i.embedder.EclipseLogger - Using 'UTF-8' encoding to copy filtered resources.
2014-09-09 17:17:50,703 [Worker-21] INFO  o.e.m.c.i.embedder.EclipseLogger - skip non existing resourceDirectory /Users/benjaminsoulas/Desktop/wk_MNJ/tpmaven/src/main/resources
2014-09-09 17:17:50,704 [Worker-21] INFO  o.e.m.c.i.embedder.EclipseLogger - Using 'UTF-8' encoding to copy filtered resources.
2014-09-09 17:17:50,705 [Worker-21] INFO  o.e.m.c.i.embedder.EclipseLogger - skip non existing resourceDirectory /Users/benjaminsoulas/Desktop/wk_MNJ/tpmaven/src/test/resources
2014-09-09 17:18:08,637 [Worker-17] INFO  o.e.m.c.i.embedder.EclipseLogger - Using 'UTF-8' encoding to copy filtered resources.
2014-09-09 17:18:08,637 [Worker-17] INFO  o.e.m.c.i.embedder.EclipseLogger - skip non existing resourceDirectory /Users/benjaminsoulas/Desktop/wk_MNJ/tpmaven/src/main/resources
2014-09-09 17:18:08,639 [Worker-17] INFO  o.e.m.c.i.embedder.EclipseLogger - Using 'UTF-8' encoding to copy filtered resources.
2014-09-09 17:18:08,639 [Worker-17] INFO  o.e.m.c.i.embedder.EclipseLogger - skip non existing resourceDirectory /Users/benjaminsoulas/Desktop/wk_MNJ/tpmaven/src/test/resources
2014-09-09 17:18:20,621 [Worker-27] INFO  o.e.m.c.i.embedder.EclipseLogger - Using 'UTF-8' encoding to copy filtered resources.
2014-09-09 17:18:20,621 [Worker-27] INFO  o.e.m.c.i.embedder.EclipseLogger - skip non existing resourceDirectory /Users/benjaminsoulas/Desktop/wk_MNJ/tpmaven/src/main/resources
2014-09-09 17:18:20,623 [Worker-27] INFO  o.e.m.c.i.embedder.EclipseLogger - Using 'UTF-8' encoding to copy filtered resources.
2014-09-09 17:18:20,623 [Worker-27] INFO  o.e.m.c.i.embedder.EclipseLogger - skip non existing resourceDirectory /Users/benjaminsoulas/Desktop/wk_MNJ/tpmaven/src/test/resources
2014-09-09 17:18:55,015 [Worker-25] INFO  o.e.m.c.i.embedder.EclipseLogger - Using 'UTF-8' encoding to copy filtered resources.
2014-09-09 17:18:55,015 [Worker-25] INFO  o.e.m.c.i.embedder.EclipseLogger - skip non existing resourceDirectory /Users/benjaminsoulas/Desktop/wk_MNJ/tpmaven/src/main/resources
2014-09-09 17:18:55,016 [Worker-25] INFO  o.e.m.c.i.embedder.EclipseLogger - Using 'UTF-8' encoding to copy filtered resources.
2014-09-09 17:18:55,016 [Worker-25] INFO  o.e.m.c.i.embedder.EclipseLogger - skip non existing resourceDirectory /Users/benjaminsoulas/Desktop/wk_MNJ/tpmaven/src/test/resources
2014-09-09 17:18:57,366 [Worker-17] INFO  o.e.m.c.i.embedder.EclipseLogger - Using 'UTF-8' encoding to copy filtered resources.
2014-09-09 17:18:57,366 [Worker-17] INFO  o.e.m.c.i.embedder.EclipseLogger - skip non existing resourceDirectory /Users/benjaminsoulas/Desktop/wk_MNJ/tpmaven/src/main/resources
2014-09-09 17:18:57,367 [Worker-17] INFO  o.e.m.c.i.embedder.EclipseLogger - Using 'UTF-8' encoding to copy filtered resources.
2014-09-09 17:18:57,367 [Worker-17] INFO  o.e.m.c.i.embedder.EclipseLogger - skip non existing resourceDirectory /Users/benjaminsoulas/Desktop/wk_MNJ/tpmaven/src/test/resources
2014-09-09 17:19:10,323 [Worker-5] INFO  o.e.m.c.i.embedder.EclipseLogger - Using 'UTF-8' encoding to copy filtered resources.
2014-09-09 17:19:10,323 [Worker-5] INFO  o.e.m.c.i.embedder.EclipseLogger - skip non existing resourceDirectory /Users/benjaminsoulas/Desktop/wk_MNJ/tpmaven/src/main/resources
2014-09-09 17:19:10,324 [Worker-5] INFO  o.e.m.c.i.embedder.EclipseLogger - Using 'UTF-8' encoding to copy filtered resources.
2014-09-09 17:19:10,324 [Worker-5] INFO  o.e.m.c.i.embedder.EclipseLogger - skip non existing resourceDirectory /Users/benjaminsoulas/Desktop/wk_MNJ/tpmaven/src/test/resources
2014-09-09 17:19:56,755 [Worker-17] INFO  o.e.m.c.i.embedder.EclipseLogger - Using 'UTF-8' encoding to copy filtered resources.
2014-09-09 17:19:56,755 [Worker-17] INFO  o.e.m.c.i.embedder.EclipseLogger - skip non existing resourceDirectory /Users/benjaminsoulas/Desktop/wk_MNJ/tpmaven/src/main/resources
2014-09-09 17:19:56,756 [Worker-17] INFO  o.e.m.c.i.embedder.EclipseLogger - Using 'UTF-8' encoding to copy filtered resources.
2014-09-09 17:19:56,756 [Worker-17] INFO  o.e.m.c.i.embedder.EclipseLogger - skip non existing resourceDirectory /Users/benjaminsoulas/Desktop/wk_MNJ/tpmaven/src/test/resources
2014-09-09 17:21:22,120 [Worker-25] INFO  o.e.m.c.i.l.LifecycleMappingFactory - Using org.eclipse.m2e.jdt.JarLifecycleMapping lifecycle mapping for MavenProject: fr.istic.master2:tpmaven:1.0-SNAPSHOT @ /Users/benjaminsoulas/Desktop/wk_MNJ/tpmaven/pom.xml.
2014-09-09 17:21:22,141 [Worker-25] INFO  o.e.m.c.i.embedder.EclipseLogger - Using 'UTF-8' encoding to copy filtered resources.
2014-09-09 17:21:22,141 [Worker-25] INFO  o.e.m.c.i.embedder.EclipseLogger - skip non existing resourceDirectory /Users/benjaminsoulas/Desktop/wk_MNJ/tpmaven/src/main/resources
2014-09-09 17:21:22,142 [Worker-25] INFO  o.e.m.c.i.embedder.EclipseLogger - Using 'UTF-8' encoding to copy filtered resources.
2014-09-09 17:21:22,142 [Worker-25] INFO  o.e.m.c.i.embedder.EclipseLogger - skip non existing resourceDirectory /Users/benjaminsoulas/Desktop/wk_MNJ/tpmaven/src/test/resources
2014-09-09 17:29:04,839 [main] INFO  o.e.m2e.actions.ExecutePomAction - Creating new launch configuration
2014-09-09 17:29:20,603 [Worker-31] INFO  o.e.m.i.launch.MavenLaunchDelegate - /Users/benjaminsoulas/Desktop/wk_MNJ/tpmaven
2014-09-09 17:29:20,603 [Worker-31] INFO  o.e.m.i.launch.MavenLaunchDelegate -  mvn  -B clean site
2014-09-09 17:30:23,587 [Worker-17] INFO  o.e.m.c.i.embedder.EclipseLogger - Using 'UTF-8' encoding to copy filtered resources.
2014-09-09 17:30:23,587 [Worker-17] INFO  o.e.m.c.i.embedder.EclipseLogger - skip non existing resourceDirectory /Users/benjaminsoulas/Desktop/wk_MNJ/tpmaven/src/main/resources
2014-09-09 17:30:23,588 [Worker-17] INFO  o.e.m.c.i.embedder.EclipseLogger - Using 'UTF-8' encoding to copy filtered resources.
2014-09-09 17:30:23,589 [Worker-17] INFO  o.e.m.c.i.embedder.EclipseLogger - skip non existing resourceDirectory /Users/benjaminsoulas/Desktop/wk_MNJ/tpmaven/src/test/resources
2014-09-09 17:30:26,484 [Worker-33] INFO  o.e.m.i.launch.MavenLaunchDelegate - /Users/benjaminsoulas/Desktop/wk_MNJ/tpmaven
2014-09-09 17:30:26,484 [Worker-33] INFO  o.e.m.i.launch.MavenLaunchDelegate -  mvn  -B clean site
2014-09-09 17:31:24,173 [Worker-17] INFO  o.e.m.c.i.embedder.EclipseLogger - Using 'UTF-8' encoding to copy filtered resources.
2014-09-09 17:31:24,174 [Worker-17] INFO  o.e.m.c.i.embedder.EclipseLogger - skip non existing resourceDirectory /Users/benjaminsoulas/Desktop/wk_MNJ/tpmaven/src/main/resources
2014-09-09 17:31:24,174 [Worker-17] INFO  o.e.m.c.i.embedder.EclipseLogger - Using 'UTF-8' encoding to copy filtered resources.
2014-09-09 17:31:24,175 [Worker-17] INFO  o.e.m.c.i.embedder.EclipseLogger - skip non existing resourceDirectory /Users/benjaminsoulas/Desktop/wk_MNJ/tpmaven/src/test/resources
2014-09-09 17:31:27,817 [Worker-33] INFO  o.e.m.i.launch.MavenLaunchDelegate - /Users/benjaminsoulas/Desktop/wk_MNJ/tpmaven
2014-09-09 17:31:27,818 [Worker-33] INFO  o.e.m.i.launch.MavenLaunchDelegate -  mvn  -B clean site
2014-09-09 17:31:52,055 [Worker-32] INFO  o.e.m.i.launch.MavenLaunchDelegate - /Users/benjaminsoulas/Desktop/wk_MNJ/tpmaven
2014-09-09 17:31:52,055 [Worker-32] INFO  o.e.m.i.launch.MavenLaunchDelegate -  mvn  -B clean site
2014-09-09 17:32:23,281 [Worker-34] INFO  o.e.m.c.i.embedder.EclipseLogger - Using 'UTF-8' encoding to copy filtered resources.
2014-09-09 17:32:23,281 [Worker-34] INFO  o.e.m.c.i.embedder.EclipseLogger - skip non existing resourceDirectory /Users/benjaminsoulas/Desktop/wk_MNJ/tpmaven/src/main/resources
2014-09-09 17:32:23,282 [Worker-34] INFO  o.e.m.c.i.embedder.EclipseLogger - Using 'UTF-8' encoding to copy filtered resources.
2014-09-09 17:32:23,282 [Worker-34] INFO  o.e.m.c.i.embedder.EclipseLogger - skip non existing resourceDirectory /Users/benjaminsoulas/Desktop/wk_MNJ/tpmaven/src/test/resources
2014-09-09 17:38:47,364 [Worker-37] INFO  o.e.m.c.i.l.LifecycleMappingFactory - Using org.eclipse.m2e.jdt.JarLifecycleMapping lifecycle mapping for MavenProject: fr.istic.master2:tpmaven:1.0-SNAPSHOT @ /Users/benjaminsoulas/Desktop/wk_MNJ/tpmaven/pom.xml.
2014-09-09 17:38:47,416 [Worker-37] INFO  o.e.m.c.i.embedder.EclipseLogger - Using 'UTF-8' encoding to copy filtered resources.
2014-09-09 17:38:47,416 [Worker-37] INFO  o.e.m.c.i.embedder.EclipseLogger - skip non existing resourceDirectory /Users/benjaminsoulas/Desktop/wk_MNJ/tpmaven/src/main/resources
2014-09-09 17:38:47,416 [Worker-37] INFO  o.e.m.c.i.embedder.EclipseLogger - Using 'UTF-8' encoding to copy filtered resources.
2014-09-09 17:38:47,416 [Worker-37] INFO  o.e.m.c.i.embedder.EclipseLogger - skip non existing resourceDirectory /Users/benjaminsoulas/Desktop/wk_MNJ/tpmaven/src/test/resources
2014-09-09 17:38:54,297 [main] INFO  o.e.m2e.actions.ExecutePomAction - Using existing launch configuration
2014-09-09 17:38:54,375 [Worker-36] INFO  o.e.m.i.launch.MavenLaunchDelegate - /Users/benjaminsoulas/Desktop/wk_MNJ/tpmaven
2014-09-09 17:38:54,376 [Worker-36] INFO  o.e.m.i.launch.MavenLaunchDelegate -  mvn  -B clean site
2014-09-09 17:40:49,152 [Worker-40] INFO  o.e.m.c.i.embedder.EclipseLogger - Using 'UTF-8' encoding to copy filtered resources.
2014-09-09 17:40:49,153 [Worker-40] INFO  o.e.m.c.i.embedder.EclipseLogger - skip non existing resourceDirectory /Users/benjaminsoulas/Desktop/wk_MNJ/tpmaven/src/main/resources
2014-09-09 17:40:49,154 [Worker-40] INFO  o.e.m.c.i.embedder.EclipseLogger - Using 'UTF-8' encoding to copy filtered resources.
2014-09-09 17:40:49,154 [Worker-40] INFO  o.e.m.c.i.embedder.EclipseLogger - skip non existing resourceDirectory /Users/benjaminsoulas/Desktop/wk_MNJ/tpmaven/src/test/resources
2014-09-09 17:40:58,419 [Worker-37] INFO  o.e.m.i.launch.MavenLaunchDelegate - /Users/benjaminsoulas/Desktop/wk_MNJ/tpmaven
2014-09-09 17:40:58,419 [Worker-37] INFO  o.e.m.i.launch.MavenLaunchDelegate -  mvn  -B clean site
2014-09-09 17:42:19,583 [Worker-39] INFO  o.e.m.c.i.l.LifecycleMappingFactory - Using org.eclipse.m2e.jdt.JarLifecycleMapping lifecycle mapping for MavenProject: fr.istic.master2:tpmaven:1.0-SNAPSHOT @ /Users/benjaminsoulas/Desktop/wk_MNJ/tpmaven/pom.xml.
2014-09-09 17:42:19,614 [Worker-39] INFO  o.e.m.c.i.embedder.EclipseLogger - Using 'UTF-8' encoding to copy filtered resources.
2014-09-09 17:42:19,614 [Worker-39] INFO  o.e.m.c.i.embedder.EclipseLogger - skip non existing resourceDirectory /Users/benjaminsoulas/Desktop/wk_MNJ/tpmaven/src/main/resources
2014-09-09 17:42:19,615 [Worker-39] INFO  o.e.m.c.i.embedder.EclipseLogger - Using 'UTF-8' encoding to copy filtered resources.
2014-09-09 17:42:19,616 [Worker-39] INFO  o.e.m.c.i.embedder.EclipseLogger - skip non existing resourceDirectory /Users/benjaminsoulas/Desktop/wk_MNJ/tpmaven/src/test/resources
2014-09-09 17:42:23,926 [Worker-40] INFO  o.e.m.i.launch.MavenLaunchDelegate - /Users/benjaminsoulas/Desktop/wk_MNJ/tpmaven
2014-09-09 17:42:23,926 [Worker-40] INFO  o.e.m.i.launch.MavenLaunchDelegate -  mvn  -B clean site
2014-09-09 17:44:13,287 [Worker-37] INFO  o.e.m.c.i.l.LifecycleMappingFactory - Using org.eclipse.m2e.jdt.JarLifecycleMapping lifecycle mapping for MavenProject: fr.istic.master2:tpmaven:1.0-SNAPSHOT @ /Users/benjaminsoulas/Desktop/wk_MNJ/tpmaven/pom.xml.
2014-09-09 17:44:13,311 [Worker-37] INFO  o.e.m.c.i.embedder.EclipseLogger - Using 'UTF-8' encoding to copy filtered resources.
2014-09-09 17:44:13,311 [Worker-37] INFO  o.e.m.c.i.embedder.EclipseLogger - skip non existing resourceDirectory /Users/benjaminsoulas/Desktop/wk_MNJ/tpmaven/src/main/resources
2014-09-09 17:44:13,312 [Worker-37] INFO  o.e.m.c.i.embedder.EclipseLogger - Using 'UTF-8' encoding to copy filtered resources.
2014-09-09 17:44:13,312 [Worker-37] INFO  o.e.m.c.i.embedder.EclipseLogger - skip non existing resourceDirectory /Users/benjaminsoulas/Desktop/wk_MNJ/tpmaven/src/test/resources
2014-09-09 17:44:59,375 [Worker-39] INFO  o.e.m.i.launch.MavenLaunchDelegate - /Users/benjaminsoulas/Desktop/wk_MNJ/tpmaven
2014-09-09 17:44:59,375 [Worker-39] INFO  o.e.m.i.launch.MavenLaunchDelegate -  mvn  -B clean site
2014-09-09 17:47:50,519 [Worker-36] INFO  o.e.m.c.i.l.LifecycleMappingFactory - Using org.eclipse.m2e.jdt.JarLifecycleMapping lifecycle mapping for MavenProject: fr.istic.master2:tpmaven:1.0-SNAPSHOT @ /Users/benjaminsoulas/Desktop/wk_MNJ/tpmaven/pom.xml.
2014-09-09 17:47:50,552 [Worker-36] INFO  o.e.m.c.i.embedder.EclipseLogger - Using 'UTF-8' encoding to copy filtered resources.
2014-09-09 17:47:50,552 [Worker-36] INFO  o.e.m.c.i.embedder.EclipseLogger - skip non existing resourceDirectory /Users/benjaminsoulas/Desktop/wk_MNJ/tpmaven/src/main/resources
2014-09-09 17:47:50,553 [Worker-36] INFO  o.e.m.c.i.embedder.EclipseLogger - Using 'UTF-8' encoding to copy filtered resources.
2014-09-09 17:47:50,553 [Worker-36] INFO  o.e.m.c.i.embedder.EclipseLogger - skip non existing resourceDirectory /Users/benjaminsoulas/Desktop/wk_MNJ/tpmaven/src/test/resources
2014-09-12 10:48:28,268 [main] INFO  o.e.m2e.actions.ExecutePomAction - Using existing launch configuration
2014-09-12 10:48:28,446 [Worker-4] INFO  o.e.m.i.launch.MavenLaunchDelegate - /Users/benjaminsoulas/Desktop/wk_MNJ/tpmaven
2014-09-12 10:48:28,447 [Worker-4] INFO  o.e.m.i.launch.MavenLaunchDelegate -  mvn  -B clean site
2014-09-12 10:48:39,556 [main] INFO  o.e.m2e.actions.ExecutePomAction - Creating new launch configuration
2014-09-12 10:48:56,955 [Worker-2] INFO  o.e.m.i.launch.MavenLaunchDelegate - /Users/benjaminsoulas/Desktop/wk_MNJ/tpmaven
2014-09-12 10:48:56,955 [Worker-2] INFO  o.e.m.i.launch.MavenLaunchDelegate -  mvn  -B sonar:sonar
